ARM GAS  /cygdrive/c/DOCUME~1/mkwapisz/LOCALS~1/Temp/cceGgsPf.s 			page 1


   1              		.file	"framework.c"
   2              		.section	.debug_abbrev,"",%progbits
   3              	.Ldebug_abbrev0:
   4              		.section	.debug_info,"",%progbits
   5              	.Ldebug_info0:
   6              		.section	.debug_line,"",%progbits
   7              	.Ldebug_line0:
   8 0000 B5000000 		.text
   8      02002200 
   8      00000201 
   8      FB0E0D00 
   8      01010101 
   9              	.Ltext0:
  10              		.align	2
  11              		.global	exceptionHandlerInit
  12              		.type	exceptionHandlerInit, %function
  13              	exceptionHandlerInit:
  14              	.LFB8:
  15              		.file 1 "framework.c"
   1:framework.c   **** /******************************************************************************
   2:framework.c   ****  *
   3:framework.c   ****  * Copyright:
   4:framework.c   ****  *    (C) 2000 - 2005 Embedded Artists AB
   5:framework.c   ****  *
   6:framework.c   ****  * Description:
   7:framework.c   ****  *    Framework for ARM7 processor
   8:framework.c   ****  *
   9:framework.c   ****  *****************************************************************************/
  10:framework.c   **** 
  11:framework.c   **** /******************************************************************************
  12:framework.c   ****  * Includes
  13:framework.c   ****  *****************************************************************************/
  14:framework.c   **** #include "lpc2xxx.h"                            /* LPC2xxx definitions */
  15:framework.c   **** #include "config.h"
  16:framework.c   **** #include "framework.h"
  17:framework.c   **** #include "consol.h"
  18:framework.c   **** 
  19:framework.c   **** /******************************************************************************
  20:framework.c   ****  * Defines, macros, and typedefs
  21:framework.c   ****  *****************************************************************************/
  22:framework.c   **** 
  23:framework.c   **** 
  24:framework.c   **** /******************************************************************************
  25:framework.c   ****  * External variables
  26:framework.c   ****  *****************************************************************************/
  27:framework.c   **** extern char end asm ("end");  //the symbol "end" is defined by the linker script
  28:framework.c   **** 
  29:framework.c   **** 
  30:framework.c   **** /******************************************************************************
  31:framework.c   ****  * Public variables
  32:framework.c   ****  *****************************************************************************/
  33:framework.c   **** unsigned char *pHeapStart;
  34:framework.c   **** unsigned char *pHeapEnd;
  35:framework.c   **** 
  36:framework.c   **** 
  37:framework.c   **** /******************************************************************************
  38:framework.c   ****  * External functions
ARM GAS  /cygdrive/c/DOCUME~1/mkwapisz/LOCALS~1/Temp/cceGgsPf.s 			page 2


  39:framework.c   ****  *****************************************************************************/
  40:framework.c   **** 
  41:framework.c   **** 
  42:framework.c   **** /******************************************************************************
  43:framework.c   ****  * Public functions
  44:framework.c   ****  *****************************************************************************/
  45:framework.c   **** void lowLevelInit(void);
  46:framework.c   **** void eaInit(void);
  47:framework.c   **** void exceptionHandlerInit(void);
  48:framework.c   **** 
  49:framework.c   **** /******************************************************************************
  50:framework.c   ****  * Implementation of local functions
  51:framework.c   ****  *****************************************************************************/
  52:framework.c   **** 
  53:framework.c   **** /*****************************************************************************
  54:framework.c   ****  *
  55:framework.c   ****  * Description:
  56:framework.c   ****  *    Default exception handler for undefined instruction.
  57:framework.c   ****  *    Prints information and halt. Observe that code execture in exception
  58:framework.c   ****  *    mode (as opposed to supervisor mode, which is the normal execution mode).
  59:framework.c   ****  *
  60:framework.c   ****  ****************************************************************************/
  61:framework.c   **** static void
  62:framework.c   **** exceptionHandlerUndef(void)
  63:framework.c   **** {
  64:framework.c   ****   register unsigned int programCounter asm ("lr");
  65:framework.c   ****   unsigned int          value = programCounter - (unsigned int)0x04;
  66:framework.c   **** 
  67:framework.c   ****   consolSendString("Undefined instruction exception !!!\nAddress: 0x");
  68:framework.c   ****   consolSendNumber(16, 8, 0, '0', value); 
  69:framework.c   ****   while(1)
  70:framework.c   ****     ;
  71:framework.c   **** }
  72:framework.c   **** 
  73:framework.c   **** /*****************************************************************************
  74:framework.c   ****  *
  75:framework.c   ****  * Description:
  76:framework.c   ****  *    Default exception handler for software interrupt.
  77:framework.c   ****  *    Prints information and halt. Observe that code execture in exception
  78:framework.c   ****  *    mode (as opposed to supervisor mode, which is the normal execution mode).
  79:framework.c   ****  *
  80:framework.c   ****  ****************************************************************************/
  81:framework.c   **** static void
  82:framework.c   **** exceptionHandlerSwi(void)
  83:framework.c   **** {
  84:framework.c   ****   register unsigned int programCounter asm ("lr");
  85:framework.c   ****   unsigned int          value = programCounter - (unsigned int)0x04;
  86:framework.c   **** 
  87:framework.c   ****   consolSendString("SWI exception !!!\nAddress: 0x");
  88:framework.c   ****   consolSendNumber(16, 8, 0, '0', value); 
  89:framework.c   ****   while(1)
  90:framework.c   ****     ;
  91:framework.c   **** }
  92:framework.c   **** 
  93:framework.c   **** /*****************************************************************************
  94:framework.c   ****  *
  95:framework.c   ****  * Description:
ARM GAS  /cygdrive/c/DOCUME~1/mkwapisz/LOCALS~1/Temp/cceGgsPf.s 			page 3


  96:framework.c   ****  *    Default exception handler for invalid program fetch.
  97:framework.c   ****  *    Prints information and halt. Observe that code execture in exception
  98:framework.c   ****  *    mode (as opposed to supervisor mode, which is the normal execution mode).
  99:framework.c   ****  *
 100:framework.c   ****  ****************************************************************************/
 101:framework.c   **** static void
 102:framework.c   **** exceptionHandlerPabort()
 103:framework.c   **** {
 104:framework.c   ****   register unsigned int programCounter asm ("lr");
 105:framework.c   ****   unsigned int          value = programCounter - (unsigned int)0x04;
 106:framework.c   **** 
 107:framework.c   ****   consolSendString("Pabort exception !!!\nAddress: 0x");
 108:framework.c   ****   consolSendNumber(16, 8, 0, '0', value); 
 109:framework.c   ****   while(1)
 110:framework.c   ****     ;
 111:framework.c   **** }
 112:framework.c   **** 
 113:framework.c   **** /*****************************************************************************
 114:framework.c   ****  *
 115:framework.c   ****  * Description:
 116:framework.c   ****  *    Default exception handler for invalid data access.
 117:framework.c   ****  *    Prints information and halt. Observe that code execture in exception
 118:framework.c   ****  *    mode (as opposed to supervisor mode, which is the normal execution mode).
 119:framework.c   ****  *
 120:framework.c   ****  ****************************************************************************/
 121:framework.c   **** static void
 122:framework.c   **** exceptionHandlerDabort(void)
 123:framework.c   **** {
 124:framework.c   ****   register unsigned int programCounter asm ("lr");
 125:framework.c   ****   unsigned int          value = programCounter - (unsigned int)0x08;
 126:framework.c   **** 
 127:framework.c   ****   consolSendString("Dabort exception !!!\nAddress: 0x");
 128:framework.c   ****   consolSendNumber(16, 8, 0, '0', value); 
 129:framework.c   ****   while(1)
 130:framework.c   ****     ;
 131:framework.c   **** }
 132:framework.c   **** 
 133:framework.c   **** /*****************************************************************************
 134:framework.c   ****  *
 135:framework.c   ****  * Description:
 136:framework.c   ****  *    Default exception handler for fast interrupts.
 137:framework.c   ****  *    Prints information and halt. Observe that code execture in exception
 138:framework.c   ****  *    mode (as opposed to supervisor mode, which is the normal execution mode).
 139:framework.c   ****  *
 140:framework.c   ****  ****************************************************************************/
 141:framework.c   **** static void
 142:framework.c   **** exceptionHandlerFiq(void)
 143:framework.c   **** {
 144:framework.c   ****   register unsigned int programCounter asm ("lr");
 145:framework.c   ****   unsigned int          value = programCounter - (unsigned int)0x04;
 146:framework.c   **** 
 147:framework.c   ****   consolSendString("FIQ exception !!!\nAddress: 0x");
 148:framework.c   ****   consolSendNumber(16, 8, 0, '0', value); 
 149:framework.c   ****   while(1)
 150:framework.c   ****     ;
 151:framework.c   **** }
 152:framework.c   **** 
ARM GAS  /cygdrive/c/DOCUME~1/mkwapisz/LOCALS~1/Temp/cceGgsPf.s 			page 4


 153:framework.c   **** #if (IRQ_HANDLER == 0)
 154:framework.c   **** /*****************************************************************************
 155:framework.c   ****  *
 156:framework.c   ****  * Description:
 157:framework.c   ****  *    Default exception handler for normal interrupts. This handler should
 158:framework.c   ****  *    normally never be used.
 159:framework.c   ****  *    Prints information and halt. Observe that code execture in exception
 160:framework.c   ****  *    mode (as opposed to supervisor mode, which is the normal execution mode).
 161:framework.c   ****  *
 162:framework.c   ****  ****************************************************************************/
 163:framework.c   **** static void
 164:framework.c   **** exceptionHandlerIrq(void)
 165:framework.c   **** {
 166:framework.c   ****   register unsigned int programCounter asm ("lr");
 167:framework.c   ****   unsigned int          value = programCounter - (unsigned int)0x04;
 168:framework.c   **** 
 169:framework.c   ****   consolSendString("IRQ exception !!!\nAddress: 0x");
 170:framework.c   ****   consolSendNumber(16, 8, 0, '0', value); 
 171:framework.c   ****   while(1)
 172:framework.c   ****     ;
 173:framework.c   **** }
 174:framework.c   **** #endif
 175:framework.c   **** 
 176:framework.c   **** /******************************************************************************
 177:framework.c   ****  * Implementation of public functions
 178:framework.c   ****  *****************************************************************************/
 179:framework.c   **** 
 180:framework.c   **** /*****************************************************************************
 181:framework.c   ****  *
 182:framework.c   ****  * Description:
 183:framework.c   ****  *    Connect all default exception handlers.
 184:framework.c   ****  *    The application can overwrite these handlers with new ones.
 185:framework.c   ****  *
 186:framework.c   ****  ****************************************************************************/
 187:framework.c   **** void
 188:framework.c   **** exceptionHandlerInit(void)
 189:framework.c   **** {
  16              		.loc 1 189 0
  17              		@ Function supports interworking.
  18              		@ args = 0, pretend = 0, frame = 0
  19              		@ frame_needed = 0, uses_anonymous_args = 0
  20              		@ link register save eliminated.
 190:framework.c   ****   pISR_UNDEF  = (unsigned int)exceptionHandlerUndef;
 191:framework.c   ****   pISR_SWI    = (unsigned int)exceptionHandlerSwi;
 192:framework.c   ****   pISR_PABORT = (unsigned int)exceptionHandlerPabort;
 193:framework.c   ****   pISR_DABORT = (unsigned int)exceptionHandlerDabort;
 194:framework.c   ****   pISR_FIQ    = (unsigned int)exceptionHandlerFiq;
 195:framework.c   **** 
 196:framework.c   **** #if (IRQ_HANDLER == 0)
 197:framework.c   ****   pISR_IRQ    = (unsigned int)exceptionHandlerIrq;
  21              		.loc 1 197 0
  22 0000 48309FE5 		ldr	r3, .L3
  23              		.loc 1 190 0
  24 0004 0111A0E3 		mov	r1, #1073741824
 198:framework.c   **** #endif
 199:framework.c   **** 
 200:framework.c   ****   //set heap limits
ARM GAS  /cygdrive/c/DOCUME~1/mkwapisz/LOCALS~1/Temp/cceGgsPf.s 			page 5


 201:framework.c   ****   pHeapStart = &end;
  25              		.loc 1 201 0
  26 0008 44209FE5 		ldr	r2, .L3+4
  27              		.loc 1 197 0
  28 000c 343081E5 		str	r3, [r1, #52]
  29              		.loc 1 201 0
  30 0010 40309FE5 		ldr	r3, .L3+8
  31 0014 002083E5 		str	r2, [r3, #0]
 202:framework.c   ****   pHeapEnd   = (unsigned char*)((STK_SADDR - 1) & 0xfffffffc);
  32              		.loc 1 202 0
  33 0018 3C309FE5 		ldr	r3, .L3+12
  34 001c 3C209FE5 		ldr	r2, .L3+16
  35 0020 002083E5 		str	r2, [r3, #0]
  36              		.loc 1 190 0
  37 0024 38309FE5 		ldr	r3, .L3+20
  38 0028 243081E5 		str	r3, [r1, #36]
  39              		.loc 1 191 0
  40 002c 34309FE5 		ldr	r3, .L3+24
  41 0030 283081E5 		str	r3, [r1, #40]
  42              		.loc 1 192 0
  43 0034 30309FE5 		ldr	r3, .L3+28
  44 0038 2C3081E5 		str	r3, [r1, #44]
  45              		.loc 1 193 0
  46 003c 2C309FE5 		ldr	r3, .L3+32
  47 0040 303081E5 		str	r3, [r1, #48]
  48              		.loc 1 194 0
  49 0044 28309FE5 		ldr	r3, .L3+36
  50              		.loc 1 189 0
  51              		@ lr needed for prologue
  52              		.loc 1 194 0
  53 0048 383081E5 		str	r3, [r1, #56]
 203:framework.c   **** }
  54              		.loc 1 203 0
  55 004c 1EFF2FE1 		bx	lr
  56              	.L4:
  57              		.align	2
  58              	.L3:
  59 0050 84010000 		.word	exceptionHandlerIrq
  60 0054 00000000 		.word	end
  61 0058 00000000 		.word	pHeapStart
  62 005c 00000000 		.word	pHeapEnd
  63 0060 E8190040 		.word	1073748456
  64 0064 88020000 		.word	exceptionHandlerUndef
  65 0068 54020000 		.word	exceptionHandlerSwi
  66 006c 20020000 		.word	exceptionHandlerPabort
  67 0070 EC010000 		.word	exceptionHandlerDabort
  68 0074 B8010000 		.word	exceptionHandlerFiq
  69              	.LFE8:
  70              		.size	exceptionHandlerInit, .-exceptionHandlerInit
  71              		.align	2
  72              		.global	lowLevelInit
  73              		.type	lowLevelInit, %function
  74              	lowLevelInit:
  75              	.LFB9:
 204:framework.c   **** 
 205:framework.c   **** /*****************************************************************************
 206:framework.c   ****  *
ARM GAS  /cygdrive/c/DOCUME~1/mkwapisz/LOCALS~1/Temp/cceGgsPf.s 			page 6


 207:framework.c   ****  * Description:
 208:framework.c   ****  *    Initialize system functions and GPIO
 209:framework.c   ****  *
 210:framework.c   ****  ****************************************************************************/
 211:framework.c   **** void
 212:framework.c   **** lowLevelInit(void)
 213:framework.c   **** {
  76              		.loc 1 213 0
  77              		@ Function supports interworking.
  78              		@ args = 0, pretend = 0, frame = 0
  79              		@ frame_needed = 0, uses_anonymous_args = 0
 214:framework.c   ****   PINSEL0 = 0x00000000;  
 215:framework.c   ****   PINSEL1 = 0x00000000;  
 216:framework.c   **** 
 217:framework.c   ****   IOSET = 0x00000000;       //Initialize pins to high level
  80              		.loc 1 217 0
  81 0078 9C109FE5 		ldr	r1, .L7
  82              		.loc 1 214 0
  83 007c 9CC09FE5 		ldr	ip, .L7+4
  84 0080 0030A0E3 		mov	r3, #0
 218:framework.c   ****   IOCLR = 0xffffffff;       //Initialize pins to low level
  85              		.loc 1 218 0
  86 0084 0020E0E3 		mvn	r2, #0
 219:framework.c   ****   IODIR = 0x00000000;       //Set pin direction
 220:framework.c   **** 
 221:framework.c   ****   //initialize the MAM (Memory Accelerator Module)
 222:framework.c   ****   MAMTIM = MAM_TIMING;       //number of CCLK to read from the FLASH
  87              		.loc 1 222 0
  88 0088 94009FE5 		ldr	r0, .L7+8
  89              		.loc 1 214 0
  90 008c 00308CE5 		str	r3, [ip, #0]
  91              		.loc 1 213 0
  92 0090 04E02DE5 		str	lr, [sp, #-4]!
  93              	.LCFI0:
  94              		.loc 1 215 0
  95 0094 04308CE5 		str	r3, [ip, #4]
 223:framework.c   ****   MAMCR  = MAM_SETTING;      //0=disabled, 1=partly enabled (enabled for code prefetch, but not for
 224:framework.c   **** 
 225:framework.c   ****   //initialize the exception vector mapping
 226:framework.c   ****   MAMMAP = MAM_MAP;
  96              		.loc 1 226 0
  97 0098 01E0A0E3 		mov	lr, #1
  98              		.loc 1 217 0
  99 009c 043081E5 		str	r3, [r1, #4]
 100              		.loc 1 218 0
 101 00a0 0C2081E5 		str	r2, [r1, #12]
 102              		.loc 1 219 0
 103 00a4 083081E5 		str	r3, [r1, #8]
 104              		.loc 1 222 0
 105 00a8 0310A0E3 		mov	r1, #3
 106 00ac 041080E5 		str	r1, [r0, #4]
 107              		.loc 1 223 0
 108 00b0 003080E5 		str	r3, [r0, #0]
 109              		.loc 1 226 0
 110 00b4 40E080E5 		str	lr, [r0, #64]
 227:framework.c   **** 
 228:framework.c   ****   //set the peripheral bus speed, PCLK = CCLK / PBSD
ARM GAS  /cygdrive/c/DOCUME~1/mkwapisz/LOCALS~1/Temp/cceGgsPf.s 			page 7


 229:framework.c   **** 	VPBDIV = PBSD;
 111              		.loc 1 229 0
 112 00b8 00E180E5 		str	lr, [r0, #256]
 230:framework.c   **** 	
 231:framework.c   **** 	//initialize VIC
 232:framework.c   ****   VICIntEnClr    = 0xFFFFFFFF;           /* Disable ALL interrupts                             */
 113              		.loc 1 232 0
 114 00bc EB2F02E5 		str	r2, [r2, #-4075]
 233:framework.c   ****   VICProtection  = 0;                    /* Setup interrupt controller                         */
 115              		.loc 1 233 0
 116 00c0 DF3F02E5 		str	r3, [r2, #-4063]
 234:framework.c   ****   VICDefVectAddr = (unsigned int)0;      /* Direct unvectored IRQs to reset, i.e., address 0x0 */
 117              		.loc 1 234 0
 118 00c4 CB3F02E5 		str	r3, [r2, #-4043]
 235:framework.c   **** 
 236:framework.c   ****   VICVectAddr0   = (unsigned int)0;      /* Set the vector address                             */
 119              		.loc 1 236 0
 120 00c8 FF3E02E5 		str	r3, [r2, #-3839]
 237:framework.c   ****   VICVectAddr1   = (unsigned int)0;      /* Set the vector address                             */
 121              		.loc 1 237 0
 122 00cc FB3E02E5 		str	r3, [r2, #-3835]
 238:framework.c   ****   VICVectAddr2   = (unsigned int)0;      /* Set the vector address                             */
 123              		.loc 1 238 0
 124 00d0 F73E02E5 		str	r3, [r2, #-3831]
 239:framework.c   ****   VICVectAddr3   = (unsigned int)0;      /* Set the vector address                             */
 125              		.loc 1 239 0
 126 00d4 F33E02E5 		str	r3, [r2, #-3827]
 240:framework.c   ****   VICVectAddr4   = (unsigned int)0;      /* Set the vector address                             */
 127              		.loc 1 240 0
 128 00d8 EF3E02E5 		str	r3, [r2, #-3823]
 241:framework.c   ****   VICVectAddr5   = (unsigned int)0;      /* Set the vector address                             */
 129              		.loc 1 241 0
 130 00dc EB3E02E5 		str	r3, [r2, #-3819]
 242:framework.c   ****   VICVectAddr6   = (unsigned int)0;      /* Set the vector address                             */
 131              		.loc 1 242 0
 132 00e0 E73E02E5 		str	r3, [r2, #-3815]
 243:framework.c   ****   VICVectAddr7   = (unsigned int)0;      /* Set the vector address                             */
 133              		.loc 1 243 0
 134 00e4 E33E02E5 		str	r3, [r2, #-3811]
 244:framework.c   ****   VICVectAddr8   = (unsigned int)0;      /* Set the vector address                             */
 135              		.loc 1 244 0
 136 00e8 DF3E02E5 		str	r3, [r2, #-3807]
 245:framework.c   ****   VICVectAddr9   = (unsigned int)0;      /* Set the vector address                             */
 137              		.loc 1 245 0
 138 00ec DB3E02E5 		str	r3, [r2, #-3803]
 246:framework.c   ****   VICVectAddr10  = (unsigned int)0;      /* Set the vector address                             */
 139              		.loc 1 246 0
 140 00f0 D73E02E5 		str	r3, [r2, #-3799]
 247:framework.c   ****   VICVectAddr11  = (unsigned int)0;      /* Set the vector address                             */
 141              		.loc 1 247 0
 142 00f4 D33E02E5 		str	r3, [r2, #-3795]
 248:framework.c   ****   VICVectAddr12  = (unsigned int)0;      /* Set the vector address                             */
 143              		.loc 1 248 0
 144 00f8 CF3E02E5 		str	r3, [r2, #-3791]
 249:framework.c   ****   VICVectAddr13  = (unsigned int)0;      /* Set the vector address                             */
 145              		.loc 1 249 0
 146 00fc CB3E02E5 		str	r3, [r2, #-3787]
ARM GAS  /cygdrive/c/DOCUME~1/mkwapisz/LOCALS~1/Temp/cceGgsPf.s 			page 8


 250:framework.c   ****   VICVectAddr14  = (unsigned int)0;      /* Set the vector address                             */
 147              		.loc 1 250 0
 148 0100 C73E02E5 		str	r3, [r2, #-3783]
 251:framework.c   ****   VICVectAddr15  = (unsigned int)0;      /* Set the vector address                             */
 149              		.loc 1 251 0
 150 0104 C33E02E5 		str	r3, [r2, #-3779]
 252:framework.c   **** 	
 253:framework.c   ****   //enable interrupts (both IRQ and FIQ) 
 254:framework.c   ****   asm volatile ("mrs r3, cpsr       \n\t"                          
 151              		.loc 1 254 0
 152 0108 00300FE1 		mrs r3, cpsr       
 153 010c C030C3E3 		bic r3, r3, #0xC0  
 154 0110 03F029E1 		msr cpsr, r3       
 155              		
 255:framework.c   ****                 "bic r3, r3, #0xC0  \n\t"                      
 256:framework.c   ****                 "msr cpsr, r3       \n\t"                          
 257:framework.c   ****                 :                                       
 258:framework.c   ****                 :                                       
 259:framework.c   ****                 : "r3" );
 260:framework.c   **** }
 156              		.loc 1 260 0
 157 0114 04E09DE4 		ldr	lr, [sp], #4
 158 0118 1EFF2FE1 		bx	lr
 159              	.L8:
 160              		.align	2
 161              	.L7:
 162 011c 008002E0 		.word	-536707072
 163 0120 00C002E0 		.word	-536690688
 164 0124 00C01FE0 		.word	-534790144
 165              	.LFE9:
 166              		.size	lowLevelInit, .-lowLevelInit
 167              		.align	2
 168              		.global	eaInit
 169              		.type	eaInit, %function
 170              	eaInit:
 171              	.LFB10:
 261:framework.c   **** 
 262:framework.c   **** /*****************************************************************************
 263:framework.c   ****  *
 264:framework.c   ****  * Description:
 265:framework.c   ****  *    Initialize the consol
 266:framework.c   ****  *
 267:framework.c   ****  ****************************************************************************/
 268:framework.c   **** void
 269:framework.c   **** eaInit(void)
 270:framework.c   **** {
 172              		.loc 1 270 0
 173              		@ Function supports interworking.
 174              		@ args = 0, pretend = 0, frame = 0
 175              		@ frame_needed = 0, uses_anonymous_args = 0
 176 0128 04E02DE5 		str	lr, [sp, #-4]!
 177              	.LCFI1:
 271:framework.c   ****   //initialize the consol
 272:framework.c   ****   consolInit();
 178              		.loc 1 272 0
 179 012c FEFFFFEB 		bl	consolInit
 273:framework.c   ****   
ARM GAS  /cygdrive/c/DOCUME~1/mkwapisz/LOCALS~1/Temp/cceGgsPf.s 			page 9


 274:framework.c   **** #ifdef CONSOL_STARTUP_DELAY
 275:framework.c   ****   /*
 276:framework.c   ****    * setup timer #1 for a short delay
 277:framework.c   ****    */
 278:framework.c   ****   TIMER1_TCR = 0x02;          //stop and reset timer
 180              		.loc 1 278 0
 181 0130 44209FE5 		ldr	r2, .L15
 182 0134 0230A0E3 		mov	r3, #2
 183 0138 043082E5 		str	r3, [r2, #4]
 279:framework.c   ****   TIMER1_PR  = 0x00;          //set prescaler to zero
 184              		.loc 1 279 0
 185 013c 0030A0E3 		mov	r3, #0
 186 0140 0C3082E5 		str	r3, [r2, #12]
 280:framework.c   ****   TIMER1_MR0 = CONSOL_STARTUP_DELAY_LENGTH * ((FOSC * PLL_MUL)/ (1000000 * PBSD));
 187              		.loc 1 280 0
 188 0144 34309FE5 		ldr	r3, .L15+4
 189 0148 183082E5 		str	r3, [r2, #24]
 281:framework.c   ****   TIMER1_IR  = 0xff;          //reset all interrrupt flags
 190              		.loc 1 281 0
 191 014c FF30A0E3 		mov	r3, #255
 192 0150 003082E5 		str	r3, [r2, #0]
 282:framework.c   ****   TIMER1_MCR = 0x04;          //stop timer on match
 193              		.loc 1 282 0
 194 0154 0430A0E3 		mov	r3, #4
 195 0158 143082E5 		str	r3, [r2, #20]
 283:framework.c   ****   TIMER1_TCR = 0x01;          //start timer
 196              		.loc 1 283 0
 197 015c 0130A0E3 		mov	r3, #1
 198 0160 043082E5 		str	r3, [r2, #4]
 199              	.L10:
 284:framework.c   ****   
 285:framework.c   ****   //wait until delay time has elapsed
 286:framework.c   ****   while (TIMER1_TCR & 0x01)
 200              		.loc 1 286 0
 201 0164 10309FE5 		ldr	r3, .L15
 202 0168 043093E5 		ldr	r3, [r3, #4]
 203 016c 010013E3 		tst	r3, #1
 204 0170 FBFFFF1A 		bne	.L10
 287:framework.c   ****     ;
 288:framework.c   **** #endif
 289:framework.c   **** }
 205              		.loc 1 289 0
 206 0174 04E09DE4 		ldr	lr, [sp], #4
 207 0178 1EFF2FE1 		bx	lr
 208              	.L16:
 209              		.align	2
 210              	.L15:
 211 017c 008000E0 		.word	-536838144
 212 0180 A8160000 		.word	5800
 213              	.LFE10:
 214              		.size	eaInit, .-eaInit
 215              		.section	.rodata.str1.4,"aMS",%progbits,1
 216              		.align	2
 217              	.LC0:
 218 0000 49525120 		.ascii	"IRQ exception !!!\012Address: 0x\000"
 218      65786365 
 218      7074696F 
ARM GAS  /cygdrive/c/DOCUME~1/mkwapisz/LOCALS~1/Temp/cceGgsPf.s 			page 10


 218      6E202121 
 218      210A4164 
 219              		.text
 220              		.align	2
 221              		.type	exceptionHandlerIrq, %function
 222              	exceptionHandlerIrq:
 223              	.LFB7:
 224              		.loc 1 165 0
 225              		@ Function supports interworking.
 226              		@ args = 0, pretend = 0, frame = 0
 227              		@ frame_needed = 0, uses_anonymous_args = 0
 228 0184 04E02DE5 		str	lr, [sp, #-4]!
 229              	.LCFI2:
 230              		.loc 1 169 0
 231 0188 24009FE5 		ldr	r0, .L20
 232              		.loc 1 165 0
 233 018c 04D04DE2 		sub	sp, sp, #4
 234              	.LCFI3:
 235              		.loc 1 169 0
 236 0190 FEFFFFEB 		bl	consolSendString
 237              		.loc 1 170 0
 238 0194 1000A0E3 		mov	r0, #16
 239              	.LVL0:
 240 0198 04E04EE2 		sub	lr, lr, #4
 241              	.LVL1:
 242 019c 0810A0E3 		mov	r1, #8
 243 01a0 0020A0E3 		mov	r2, #0
 244 01a4 3030A0E3 		mov	r3, #48
 245 01a8 00E08DE5 		str	lr, [sp, #0]
 246 01ac FEFFFFEB 		bl	consolSendNumber
 247              	.L18:
 248 01b0 FEFFFFEA 		b	.L18
 249              	.L21:
 250              		.align	2
 251              	.L20:
 252 01b4 00000000 		.word	.LC0
 253              	.LFE7:
 254              		.size	exceptionHandlerIrq, .-exceptionHandlerIrq
 255              		.section	.rodata.str1.4
 256 001e 0000     		.align	2
 257              	.LC1:
 258 0020 46495120 		.ascii	"FIQ exception !!!\012Address: 0x\000"
 258      65786365 
 258      7074696F 
 258      6E202121 
 258      210A4164 
 259              		.text
 260              		.align	2
 261              		.type	exceptionHandlerFiq, %function
 262              	exceptionHandlerFiq:
 263              	.LFB6:
 264              		.loc 1 143 0
 265              		@ Function supports interworking.
 266              		@ args = 0, pretend = 0, frame = 0
 267              		@ frame_needed = 0, uses_anonymous_args = 0
 268 01b8 04E02DE5 		str	lr, [sp, #-4]!
 269              	.LCFI4:
ARM GAS  /cygdrive/c/DOCUME~1/mkwapisz/LOCALS~1/Temp/cceGgsPf.s 			page 11


 270              		.loc 1 147 0
 271 01bc 24009FE5 		ldr	r0, .L25
 272              		.loc 1 143 0
 273 01c0 04D04DE2 		sub	sp, sp, #4
 274              	.LCFI5:
 275              		.loc 1 147 0
 276 01c4 FEFFFFEB 		bl	consolSendString
 277              		.loc 1 148 0
 278 01c8 1000A0E3 		mov	r0, #16
 279              	.LVL2:
 280 01cc 04E04EE2 		sub	lr, lr, #4
 281              	.LVL3:
 282 01d0 0810A0E3 		mov	r1, #8
 283 01d4 0020A0E3 		mov	r2, #0
 284 01d8 3030A0E3 		mov	r3, #48
 285 01dc 00E08DE5 		str	lr, [sp, #0]
 286 01e0 FEFFFFEB 		bl	consolSendNumber
 287              	.L23:
 288 01e4 FEFFFFEA 		b	.L23
 289              	.L26:
 290              		.align	2
 291              	.L25:
 292 01e8 20000000 		.word	.LC1
 293              	.LFE6:
 294              		.size	exceptionHandlerFiq, .-exceptionHandlerFiq
 295              		.section	.rodata.str1.4
 296 003e 0000     		.align	2
 297              	.LC2:
 298 0040 4461626F 		.ascii	"Dabort exception !!!\012Address: 0x\000"
 298      72742065 
 298      78636570 
 298      74696F6E 
 298      20212121 
 299              		.text
 300              		.align	2
 301              		.type	exceptionHandlerDabort, %function
 302              	exceptionHandlerDabort:
 303              	.LFB5:
 304              		.loc 1 123 0
 305              		@ Function supports interworking.
 306              		@ args = 0, pretend = 0, frame = 0
 307              		@ frame_needed = 0, uses_anonymous_args = 0
 308 01ec 04E02DE5 		str	lr, [sp, #-4]!
 309              	.LCFI6:
 310              		.loc 1 127 0
 311 01f0 24009FE5 		ldr	r0, .L30
 312              		.loc 1 123 0
 313 01f4 04D04DE2 		sub	sp, sp, #4
 314              	.LCFI7:
 315              		.loc 1 127 0
 316 01f8 FEFFFFEB 		bl	consolSendString
 317              		.loc 1 128 0
 318 01fc 1000A0E3 		mov	r0, #16
 319              	.LVL4:
 320 0200 08E04EE2 		sub	lr, lr, #8
 321              	.LVL5:
 322 0204 0810A0E3 		mov	r1, #8
ARM GAS  /cygdrive/c/DOCUME~1/mkwapisz/LOCALS~1/Temp/cceGgsPf.s 			page 12


 323 0208 0020A0E3 		mov	r2, #0
 324 020c 3030A0E3 		mov	r3, #48
 325 0210 00E08DE5 		str	lr, [sp, #0]
 326 0214 FEFFFFEB 		bl	consolSendNumber
 327              	.L28:
 328 0218 FEFFFFEA 		b	.L28
 329              	.L31:
 330              		.align	2
 331              	.L30:
 332 021c 40000000 		.word	.LC2
 333              	.LFE5:
 334              		.size	exceptionHandlerDabort, .-exceptionHandlerDabort
 335              		.section	.rodata.str1.4
 336 0061 000000   		.align	2
 337              	.LC3:
 338 0064 5061626F 		.ascii	"Pabort exception !!!\012Address: 0x\000"
 338      72742065 
 338      78636570 
 338      74696F6E 
 338      20212121 
 339              		.text
 340              		.align	2
 341              		.type	exceptionHandlerPabort, %function
 342              	exceptionHandlerPabort:
 343              	.LFB4:
 344              		.loc 1 103 0
 345              		@ Function supports interworking.
 346              		@ args = 0, pretend = 0, frame = 0
 347              		@ frame_needed = 0, uses_anonymous_args = 0
 348 0220 04E02DE5 		str	lr, [sp, #-4]!
 349              	.LCFI8:
 350              		.loc 1 107 0
 351 0224 24009FE5 		ldr	r0, .L35
 352              		.loc 1 103 0
 353 0228 04D04DE2 		sub	sp, sp, #4
 354              	.LCFI9:
 355              		.loc 1 107 0
 356 022c FEFFFFEB 		bl	consolSendString
 357              		.loc 1 108 0
 358 0230 1000A0E3 		mov	r0, #16
 359              	.LVL6:
 360 0234 04E04EE2 		sub	lr, lr, #4
 361              	.LVL7:
 362 0238 0810A0E3 		mov	r1, #8
 363 023c 0020A0E3 		mov	r2, #0
 364 0240 3030A0E3 		mov	r3, #48
 365 0244 00E08DE5 		str	lr, [sp, #0]
 366 0248 FEFFFFEB 		bl	consolSendNumber
 367              	.L33:
 368 024c FEFFFFEA 		b	.L33
 369              	.L36:
 370              		.align	2
 371              	.L35:
 372 0250 64000000 		.word	.LC3
 373              	.LFE4:
 374              		.size	exceptionHandlerPabort, .-exceptionHandlerPabort
 375              		.section	.rodata.str1.4
ARM GAS  /cygdrive/c/DOCUME~1/mkwapisz/LOCALS~1/Temp/cceGgsPf.s 			page 13


 376 0085 000000   		.align	2
 377              	.LC4:
 378 0088 53574920 		.ascii	"SWI exception !!!\012Address: 0x\000"
 378      65786365 
 378      7074696F 
 378      6E202121 
 378      210A4164 
 379              		.text
 380              		.align	2
 381              		.type	exceptionHandlerSwi, %function
 382              	exceptionHandlerSwi:
 383              	.LFB3:
 384              		.loc 1 83 0
 385              		@ Function supports interworking.
 386              		@ args = 0, pretend = 0, frame = 0
 387              		@ frame_needed = 0, uses_anonymous_args = 0
 388 0254 04E02DE5 		str	lr, [sp, #-4]!
 389              	.LCFI10:
 390              		.loc 1 87 0
 391 0258 24009FE5 		ldr	r0, .L40
 392              		.loc 1 83 0
 393 025c 04D04DE2 		sub	sp, sp, #4
 394              	.LCFI11:
 395              		.loc 1 87 0
 396 0260 FEFFFFEB 		bl	consolSendString
 397              		.loc 1 88 0
 398 0264 1000A0E3 		mov	r0, #16
 399              	.LVL8:
 400 0268 04E04EE2 		sub	lr, lr, #4
 401              	.LVL9:
 402 026c 0810A0E3 		mov	r1, #8
 403 0270 0020A0E3 		mov	r2, #0
 404 0274 3030A0E3 		mov	r3, #48
 405 0278 00E08DE5 		str	lr, [sp, #0]
 406 027c FEFFFFEB 		bl	consolSendNumber
 407              	.L38:
 408 0280 FEFFFFEA 		b	.L38
 409              	.L41:
 410              		.align	2
 411              	.L40:
 412 0284 88000000 		.word	.LC4
 413              	.LFE3:
 414              		.size	exceptionHandlerSwi, .-exceptionHandlerSwi
 415              		.section	.rodata.str1.4
 416 00a6 0000     		.align	2
 417              	.LC5:
 418 00a8 556E6465 		.ascii	"Undefined instruction exception !!!\012Address: 0x\000"
 418      66696E65 
 418      6420696E 
 418      73747275 
 418      6374696F 
 419              		.text
 420              		.align	2
 421              		.type	exceptionHandlerUndef, %function
 422              	exceptionHandlerUndef:
 423              	.LFB2:
 424              		.loc 1 63 0
ARM GAS  /cygdrive/c/DOCUME~1/mkwapisz/LOCALS~1/Temp/cceGgsPf.s 			page 14


 425              		@ Function supports interworking.
 426              		@ args = 0, pretend = 0, frame = 0
 427              		@ frame_needed = 0, uses_anonymous_args = 0
 428 0288 04E02DE5 		str	lr, [sp, #-4]!
 429              	.LCFI12:
 430              		.loc 1 67 0
 431 028c 24009FE5 		ldr	r0, .L45
 432              		.loc 1 63 0
 433 0290 04D04DE2 		sub	sp, sp, #4
 434              	.LCFI13:
 435              		.loc 1 67 0
 436 0294 FEFFFFEB 		bl	consolSendString
 437              		.loc 1 68 0
 438 0298 1000A0E3 		mov	r0, #16
 439              	.LVL10:
 440 029c 04E04EE2 		sub	lr, lr, #4
 441              	.LVL11:
 442 02a0 0810A0E3 		mov	r1, #8
 443 02a4 0020A0E3 		mov	r2, #0
 444 02a8 3030A0E3 		mov	r3, #48
 445 02ac 00E08DE5 		str	lr, [sp, #0]
 446 02b0 FEFFFFEB 		bl	consolSendNumber
 447              	.L43:
 448 02b4 FEFFFFEA 		b	.L43
 449              	.L46:
 450              		.align	2
 451              	.L45:
 452 02b8 A8000000 		.word	.LC5
 453              	.LFE2:
 454              		.size	exceptionHandlerUndef, .-exceptionHandlerUndef
 455              		.comm	pHeapStart,4,4
 456              		.comm	pHeapEnd,4,4
 457              		.section	.debug_frame,"",%progbits
 458              	.Lframe0:
 459 0000 0C000000 		.4byte	.LECIE0-.LSCIE0
 460              	.LSCIE0:
 461 0004 FFFFFFFF 		.4byte	0xffffffff
 462 0008 01       		.byte	0x1
 463 0009 00       		.ascii	"\000"
 464 000a 01       		.uleb128 0x1
 465 000b 7C       		.sleb128 -4
 466 000c 0E       		.byte	0xe
 467 000d 0C       		.byte	0xc
 468 000e 0D       		.uleb128 0xd
 469 000f 00       		.uleb128 0x0
 470              		.align	2
 471              	.LECIE0:
 472              	.LSFDE0:
 473 0010 0C000000 		.4byte	.LEFDE0-.LASFDE0
 474              	.LASFDE0:
 475 0014 00000000 		.4byte	.Lframe0
 476 0018 00000000 		.4byte	.LFB8
 477 001c 78000000 		.4byte	.LFE8-.LFB8
 478              		.align	2
 479              	.LEFDE0:
 480              	.LSFDE2:
 481 0020 14000000 		.4byte	.LEFDE2-.LASFDE2
ARM GAS  /cygdrive/c/DOCUME~1/mkwapisz/LOCALS~1/Temp/cceGgsPf.s 			page 15


 482              	.LASFDE2:
 483 0024 00000000 		.4byte	.Lframe0
 484 0028 78000000 		.4byte	.LFB9
 485 002c B0000000 		.4byte	.LFE9-.LFB9
 486 0030 5C       		.byte	0x4
 487              		.4byte	.LCFI0-.LFB9
 488 0031 0E       		.byte	0xe
 489 0032 04       		.uleb128 0x4
 490 0033 8E       		.byte	0x8e
 491 0034 01       		.uleb128 0x1
 492 0035 000000   		.align	2
 493              	.LEFDE2:
 494              	.LSFDE4:
 495 0038 14000000 		.4byte	.LEFDE4-.LASFDE4
 496              	.LASFDE4:
 497 003c 00000000 		.4byte	.Lframe0
 498 0040 28010000 		.4byte	.LFB10
 499 0044 5C000000 		.4byte	.LFE10-.LFB10
 500 0048 44       		.byte	0x4
 501              		.4byte	.LCFI1-.LFB10
 502 0049 0E       		.byte	0xe
 503 004a 04       		.uleb128 0x4
 504 004b 8E       		.byte	0x8e
 505 004c 01       		.uleb128 0x1
 506 004d 000000   		.align	2
 507              	.LEFDE4:
 508              	.LSFDE6:
 509 0050 14000000 		.4byte	.LEFDE6-.LASFDE6
 510              	.LASFDE6:
 511 0054 00000000 		.4byte	.Lframe0
 512 0058 84010000 		.4byte	.LFB7
 513 005c 34000000 		.4byte	.LFE7-.LFB7
 514 0060 44       		.byte	0x4
 515              		.4byte	.LCFI2-.LFB7
 516 0061 0E       		.byte	0xe
 517 0062 04       		.uleb128 0x4
 518 0063 48       		.byte	0x4
 519              		.4byte	.LCFI3-.LCFI2
 520 0064 0E       		.byte	0xe
 521 0065 08       		.uleb128 0x8
 522 0066 8E       		.byte	0x8e
 523 0067 01       		.uleb128 0x1
 524              		.align	2
 525              	.LEFDE6:
 526              	.LSFDE8:
 527 0068 14000000 		.4byte	.LEFDE8-.LASFDE8
 528              	.LASFDE8:
 529 006c 00000000 		.4byte	.Lframe0
 530 0070 B8010000 		.4byte	.LFB6
 531 0074 34000000 		.4byte	.LFE6-.LFB6
 532 0078 44       		.byte	0x4
 533              		.4byte	.LCFI4-.LFB6
 534 0079 0E       		.byte	0xe
 535 007a 04       		.uleb128 0x4
 536 007b 48       		.byte	0x4
 537              		.4byte	.LCFI5-.LCFI4
 538 007c 0E       		.byte	0xe
ARM GAS  /cygdrive/c/DOCUME~1/mkwapisz/LOCALS~1/Temp/cceGgsPf.s 			page 16


 539 007d 08       		.uleb128 0x8
 540 007e 8E       		.byte	0x8e
 541 007f 01       		.uleb128 0x1
 542              		.align	2
 543              	.LEFDE8:
 544              	.LSFDE10:
 545 0080 14000000 		.4byte	.LEFDE10-.LASFDE10
 546              	.LASFDE10:
 547 0084 00000000 		.4byte	.Lframe0
 548 0088 EC010000 		.4byte	.LFB5
 549 008c 34000000 		.4byte	.LFE5-.LFB5
 550 0090 44       		.byte	0x4
 551              		.4byte	.LCFI6-.LFB5
 552 0091 0E       		.byte	0xe
 553 0092 04       		.uleb128 0x4
 554 0093 48       		.byte	0x4
 555              		.4byte	.LCFI7-.LCFI6
 556 0094 0E       		.byte	0xe
 557 0095 08       		.uleb128 0x8
 558 0096 8E       		.byte	0x8e
 559 0097 01       		.uleb128 0x1
 560              		.align	2
 561              	.LEFDE10:
 562              	.LSFDE12:
 563 0098 14000000 		.4byte	.LEFDE12-.LASFDE12
 564              	.LASFDE12:
 565 009c 00000000 		.4byte	.Lframe0
 566 00a0 20020000 		.4byte	.LFB4
 567 00a4 34000000 		.4byte	.LFE4-.LFB4
 568 00a8 44       		.byte	0x4
 569              		.4byte	.LCFI8-.LFB4
 570 00a9 0E       		.byte	0xe
 571 00aa 04       		.uleb128 0x4
 572 00ab 48       		.byte	0x4
 573              		.4byte	.LCFI9-.LCFI8
 574 00ac 0E       		.byte	0xe
 575 00ad 08       		.uleb128 0x8
 576 00ae 8E       		.byte	0x8e
 577 00af 01       		.uleb128 0x1
 578              		.align	2
 579              	.LEFDE12:
 580              	.LSFDE14:
 581 00b0 14000000 		.4byte	.LEFDE14-.LASFDE14
 582              	.LASFDE14:
 583 00b4 00000000 		.4byte	.Lframe0
 584 00b8 54020000 		.4byte	.LFB3
 585 00bc 34000000 		.4byte	.LFE3-.LFB3
 586 00c0 44       		.byte	0x4
 587              		.4byte	.LCFI10-.LFB3
 588 00c1 0E       		.byte	0xe
 589 00c2 04       		.uleb128 0x4
 590 00c3 48       		.byte	0x4
 591              		.4byte	.LCFI11-.LCFI10
 592 00c4 0E       		.byte	0xe
 593 00c5 08       		.uleb128 0x8
 594 00c6 8E       		.byte	0x8e
 595 00c7 01       		.uleb128 0x1
ARM GAS  /cygdrive/c/DOCUME~1/mkwapisz/LOCALS~1/Temp/cceGgsPf.s 			page 17


 596              		.align	2
 597              	.LEFDE14:
 598              	.LSFDE16:
 599 00c8 14000000 		.4byte	.LEFDE16-.LASFDE16
 600              	.LASFDE16:
 601 00cc 00000000 		.4byte	.Lframe0
 602 00d0 88020000 		.4byte	.LFB2
 603 00d4 34000000 		.4byte	.LFE2-.LFB2
 604 00d8 44       		.byte	0x4
 605              		.4byte	.LCFI12-.LFB2
 606 00d9 0E       		.byte	0xe
 607 00da 04       		.uleb128 0x4
 608 00db 48       		.byte	0x4
 609              		.4byte	.LCFI13-.LCFI12
 610 00dc 0E       		.byte	0xe
 611 00dd 08       		.uleb128 0x8
 612 00de 8E       		.byte	0x8e
 613 00df 01       		.uleb128 0x1
 614              		.align	2
 615              	.LEFDE16:
 616              		.text
 617              	.Letext0:
 618              		.section	.debug_loc,"",%progbits
 619              	.Ldebug_loc0:
 620              	.LLST1:
 621 0000 78000000 		.4byte	.LFB9-.Ltext0
 622 0004 94000000 		.4byte	.LCFI0-.Ltext0
 623 0008 0100     		.2byte	0x1
 624 000a 5D       		.byte	0x5d
 625 000b 94000000 		.4byte	.LCFI0-.Ltext0
 626 000f 28010000 		.4byte	.LFE9-.Ltext0
 627 0013 0200     		.2byte	0x2
 628 0015 7D       		.byte	0x7d
 629 0016 04       		.sleb128 4
 630 0017 00000000 		.4byte	0x0
 631 001b 00000000 		.4byte	0x0
 632              	.LLST2:
 633 001f 28010000 		.4byte	.LFB10-.Ltext0
 634 0023 2C010000 		.4byte	.LCFI1-.Ltext0
 635 0027 0100     		.2byte	0x1
 636 0029 5D       		.byte	0x5d
 637 002a 2C010000 		.4byte	.LCFI1-.Ltext0
 638 002e 84010000 		.4byte	.LFE10-.Ltext0
 639 0032 0200     		.2byte	0x2
 640 0034 7D       		.byte	0x7d
 641 0035 04       		.sleb128 4
 642 0036 00000000 		.4byte	0x0
 643 003a 00000000 		.4byte	0x0
 644              	.LLST3:
 645 003e 84010000 		.4byte	.LFB7-.Ltext0
 646 0042 88010000 		.4byte	.LCFI2-.Ltext0
 647 0046 0100     		.2byte	0x1
 648 0048 5D       		.byte	0x5d
 649 0049 88010000 		.4byte	.LCFI2-.Ltext0
 650 004d 90010000 		.4byte	.LCFI3-.Ltext0
 651 0051 0200     		.2byte	0x2
 652 0053 7D       		.byte	0x7d
ARM GAS  /cygdrive/c/DOCUME~1/mkwapisz/LOCALS~1/Temp/cceGgsPf.s 			page 18


 653 0054 04       		.sleb128 4
 654 0055 90010000 		.4byte	.LCFI3-.Ltext0
 655 0059 B8010000 		.4byte	.LFE7-.Ltext0
 656 005d 0200     		.2byte	0x2
 657 005f 7D       		.byte	0x7d
 658 0060 08       		.sleb128 8
 659 0061 00000000 		.4byte	0x0
 660 0065 00000000 		.4byte	0x0
 661              	.LLST4:
 662 0069 98010000 		.4byte	.LVL0-.Ltext0
 663 006d 9C010000 		.4byte	.LVL1-.Ltext0
 664 0071 0100     		.2byte	0x1
 665 0073 5E       		.byte	0x5e
 666 0074 00000000 		.4byte	0x0
 667 0078 00000000 		.4byte	0x0
 668              	.LLST5:
 669 007c B8010000 		.4byte	.LFB6-.Ltext0
 670 0080 BC010000 		.4byte	.LCFI4-.Ltext0
 671 0084 0100     		.2byte	0x1
 672 0086 5D       		.byte	0x5d
 673 0087 BC010000 		.4byte	.LCFI4-.Ltext0
 674 008b C4010000 		.4byte	.LCFI5-.Ltext0
 675 008f 0200     		.2byte	0x2
 676 0091 7D       		.byte	0x7d
 677 0092 04       		.sleb128 4
 678 0093 C4010000 		.4byte	.LCFI5-.Ltext0
 679 0097 EC010000 		.4byte	.LFE6-.Ltext0
 680 009b 0200     		.2byte	0x2
 681 009d 7D       		.byte	0x7d
 682 009e 08       		.sleb128 8
 683 009f 00000000 		.4byte	0x0
 684 00a3 00000000 		.4byte	0x0
 685              	.LLST6:
 686 00a7 CC010000 		.4byte	.LVL2-.Ltext0
 687 00ab D0010000 		.4byte	.LVL3-.Ltext0
 688 00af 0100     		.2byte	0x1
 689 00b1 5E       		.byte	0x5e
 690 00b2 00000000 		.4byte	0x0
 691 00b6 00000000 		.4byte	0x0
 692              	.LLST7:
 693 00ba EC010000 		.4byte	.LFB5-.Ltext0
 694 00be F0010000 		.4byte	.LCFI6-.Ltext0
 695 00c2 0100     		.2byte	0x1
 696 00c4 5D       		.byte	0x5d
 697 00c5 F0010000 		.4byte	.LCFI6-.Ltext0
 698 00c9 F8010000 		.4byte	.LCFI7-.Ltext0
 699 00cd 0200     		.2byte	0x2
 700 00cf 7D       		.byte	0x7d
 701 00d0 04       		.sleb128 4
 702 00d1 F8010000 		.4byte	.LCFI7-.Ltext0
 703 00d5 20020000 		.4byte	.LFE5-.Ltext0
 704 00d9 0200     		.2byte	0x2
 705 00db 7D       		.byte	0x7d
 706 00dc 08       		.sleb128 8
 707 00dd 00000000 		.4byte	0x0
 708 00e1 00000000 		.4byte	0x0
 709              	.LLST8:
ARM GAS  /cygdrive/c/DOCUME~1/mkwapisz/LOCALS~1/Temp/cceGgsPf.s 			page 19


 710 00e5 00020000 		.4byte	.LVL4-.Ltext0
 711 00e9 04020000 		.4byte	.LVL5-.Ltext0
 712 00ed 0100     		.2byte	0x1
 713 00ef 5E       		.byte	0x5e
 714 00f0 00000000 		.4byte	0x0
 715 00f4 00000000 		.4byte	0x0
 716              	.LLST9:
 717 00f8 20020000 		.4byte	.LFB4-.Ltext0
 718 00fc 24020000 		.4byte	.LCFI8-.Ltext0
 719 0100 0100     		.2byte	0x1
 720 0102 5D       		.byte	0x5d
 721 0103 24020000 		.4byte	.LCFI8-.Ltext0
 722 0107 2C020000 		.4byte	.LCFI9-.Ltext0
 723 010b 0200     		.2byte	0x2
 724 010d 7D       		.byte	0x7d
 725 010e 04       		.sleb128 4
 726 010f 2C020000 		.4byte	.LCFI9-.Ltext0
 727 0113 54020000 		.4byte	.LFE4-.Ltext0
 728 0117 0200     		.2byte	0x2
 729 0119 7D       		.byte	0x7d
 730 011a 08       		.sleb128 8
 731 011b 00000000 		.4byte	0x0
 732 011f 00000000 		.4byte	0x0
 733              	.LLST10:
 734 0123 34020000 		.4byte	.LVL6-.Ltext0
 735 0127 38020000 		.4byte	.LVL7-.Ltext0
 736 012b 0100     		.2byte	0x1
 737 012d 5E       		.byte	0x5e
 738 012e 00000000 		.4byte	0x0
 739 0132 00000000 		.4byte	0x0
 740              	.LLST11:
 741 0136 54020000 		.4byte	.LFB3-.Ltext0
 742 013a 58020000 		.4byte	.LCFI10-.Ltext0
 743 013e 0100     		.2byte	0x1
 744 0140 5D       		.byte	0x5d
 745 0141 58020000 		.4byte	.LCFI10-.Ltext0
 746 0145 60020000 		.4byte	.LCFI11-.Ltext0
 747 0149 0200     		.2byte	0x2
 748 014b 7D       		.byte	0x7d
 749 014c 04       		.sleb128 4
 750 014d 60020000 		.4byte	.LCFI11-.Ltext0
 751 0151 88020000 		.4byte	.LFE3-.Ltext0
 752 0155 0200     		.2byte	0x2
 753 0157 7D       		.byte	0x7d
 754 0158 08       		.sleb128 8
 755 0159 00000000 		.4byte	0x0
 756 015d 00000000 		.4byte	0x0
 757              	.LLST12:
 758 0161 68020000 		.4byte	.LVL8-.Ltext0
 759 0165 6C020000 		.4byte	.LVL9-.Ltext0
 760 0169 0100     		.2byte	0x1
 761 016b 5E       		.byte	0x5e
 762 016c 00000000 		.4byte	0x0
 763 0170 00000000 		.4byte	0x0
 764              	.LLST13:
 765 0174 88020000 		.4byte	.LFB2-.Ltext0
 766 0178 8C020000 		.4byte	.LCFI12-.Ltext0
ARM GAS  /cygdrive/c/DOCUME~1/mkwapisz/LOCALS~1/Temp/cceGgsPf.s 			page 20


 767 017c 0100     		.2byte	0x1
 768 017e 5D       		.byte	0x5d
 769 017f 8C020000 		.4byte	.LCFI12-.Ltext0
 770 0183 94020000 		.4byte	.LCFI13-.Ltext0
 771 0187 0200     		.2byte	0x2
 772 0189 7D       		.byte	0x7d
 773 018a 04       		.sleb128 4
 774 018b 94020000 		.4byte	.LCFI13-.Ltext0
 775 018f BC020000 		.4byte	.LFE2-.Ltext0
 776 0193 0200     		.2byte	0x2
 777 0195 7D       		.byte	0x7d
 778 0196 08       		.sleb128 8
 779 0197 00000000 		.4byte	0x0
 780 019b 00000000 		.4byte	0x0
 781              	.LLST14:
 782 019f 9C020000 		.4byte	.LVL10-.Ltext0
 783 01a3 A0020000 		.4byte	.LVL11-.Ltext0
 784 01a7 0100     		.2byte	0x1
 785 01a9 5E       		.byte	0x5e
 786 01aa 00000000 		.4byte	0x0
 787 01ae 00000000 		.4byte	0x0
 788              		.section	.debug_info
 789 0000 E1010000 		.4byte	0x1e1
 790 0004 0200     		.2byte	0x2
 791 0006 00000000 		.4byte	.Ldebug_abbrev0
 792 000a 04       		.byte	0x4
 793 000b 01       		.uleb128 0x1
 794 000c 00000000 		.4byte	.Ldebug_line0
 795 0010 BC020000 		.4byte	.Letext0
 796 0014 00000000 		.4byte	.Ltext0
 797 0018 77000000 		.4byte	.LASF16
 798 001c 01       		.byte	0x1
 799 001d 26000000 		.4byte	.LASF17
 800 0021 C8000000 		.4byte	.LASF18
 801 0025 02       		.uleb128 0x2
 802 0026 01       		.byte	0x1
 803 0027 44000000 		.4byte	.LASF0
 804 002b 01       		.byte	0x1
 805 002c BD       		.byte	0xbd
 806 002d 01       		.byte	0x1
 807 002e 00000000 		.4byte	.LFB8
 808 0032 78000000 		.4byte	.LFE8
 809 0036 01       		.byte	0x1
 810 0037 5D       		.byte	0x5d
 811 0038 03       		.uleb128 0x3
 812 0039 01       		.byte	0x1
 813 003a 32000000 		.4byte	.LASF1
 814 003e 01       		.byte	0x1
 815 003f D5       		.byte	0xd5
 816 0040 01       		.byte	0x1
 817 0041 78000000 		.4byte	.LFB9
 818 0045 28010000 		.4byte	.LFE9
 819 0049 00000000 		.4byte	.LLST1
 820 004d 04       		.uleb128 0x4
 821 004e 01       		.byte	0x1
 822 004f 59000000 		.4byte	.LASF2
 823 0053 01       		.byte	0x1
ARM GAS  /cygdrive/c/DOCUME~1/mkwapisz/LOCALS~1/Temp/cceGgsPf.s 			page 21


 824 0054 0E01     		.2byte	0x10e
 825 0056 01       		.byte	0x1
 826 0057 28010000 		.4byte	.LFB10
 827 005b 84010000 		.4byte	.LFE10
 828 005f 1F000000 		.4byte	.LLST2
 829 0063 05       		.uleb128 0x5
 830 0064 96000000 		.4byte	0x96
 831 0068 B4000000 		.4byte	.LASF5
 832 006c 01       		.byte	0x1
 833 006d A5       		.byte	0xa5
 834 006e 01       		.byte	0x1
 835 006f 84010000 		.4byte	.LFB7
 836 0073 B8010000 		.4byte	.LFE7
 837 0077 3E000000 		.4byte	.LLST3
 838 007b 06       		.uleb128 0x6
 839 007c 30010000 		.4byte	.LASF3
 840 0080 01       		.byte	0x1
 841 0081 A6       		.byte	0xa6
 842 0082 96000000 		.4byte	0x96
 843 0086 69000000 		.4byte	.LLST4
 844 008a 07       		.uleb128 0x7
 845 008b 97000000 		.4byte	.LASF4
 846 008f 01       		.byte	0x1
 847 0090 A7       		.byte	0xa7
 848 0091 96000000 		.4byte	0x96
 849 0095 00       		.byte	0x0
 850 0096 08       		.uleb128 0x8
 851 0097 00000000 		.4byte	.LASF12
 852 009b 04       		.byte	0x4
 853 009c 07       		.byte	0x7
 854 009d 05       		.uleb128 0x5
 855 009e D0000000 		.4byte	0xd0
 856 00a2 83000000 		.4byte	.LASF6
 857 00a6 01       		.byte	0x1
 858 00a7 8F       		.byte	0x8f
 859 00a8 01       		.byte	0x1
 860 00a9 B8010000 		.4byte	.LFB6
 861 00ad EC010000 		.4byte	.LFE6
 862 00b1 7C000000 		.4byte	.LLST5
 863 00b5 06       		.uleb128 0x6
 864 00b6 30010000 		.4byte	.LASF3
 865 00ba 01       		.byte	0x1
 866 00bb 90       		.byte	0x90
 867 00bc 96000000 		.4byte	0x96
 868 00c0 A7000000 		.4byte	.LLST6
 869 00c4 07       		.uleb128 0x7
 870 00c5 97000000 		.4byte	.LASF4
 871 00c9 01       		.byte	0x1
 872 00ca 91       		.byte	0x91
 873 00cb 96000000 		.4byte	0x96
 874 00cf 00       		.byte	0x0
 875 00d0 05       		.uleb128 0x5
 876 00d1 03010000 		.4byte	0x103
 877 00d5 60000000 		.4byte	.LASF7
 878 00d9 01       		.byte	0x1
 879 00da 7B       		.byte	0x7b
 880 00db 01       		.byte	0x1
ARM GAS  /cygdrive/c/DOCUME~1/mkwapisz/LOCALS~1/Temp/cceGgsPf.s 			page 22


 881 00dc EC010000 		.4byte	.LFB5
 882 00e0 20020000 		.4byte	.LFE5
 883 00e4 BA000000 		.4byte	.LLST7
 884 00e8 06       		.uleb128 0x6
 885 00e9 30010000 		.4byte	.LASF3
 886 00ed 01       		.byte	0x1
 887 00ee 7C       		.byte	0x7c
 888 00ef 96000000 		.4byte	0x96
 889 00f3 E5000000 		.4byte	.LLST8
 890 00f7 07       		.uleb128 0x7
 891 00f8 97000000 		.4byte	.LASF4
 892 00fc 01       		.byte	0x1
 893 00fd 7D       		.byte	0x7d
 894 00fe 96000000 		.4byte	0x96
 895 0102 00       		.byte	0x0
 896 0103 09       		.uleb128 0x9
 897 0104 35010000 		.4byte	0x135
 898 0108 9D000000 		.4byte	.LASF8
 899 010c 01       		.byte	0x1
 900 010d 67       		.byte	0x67
 901 010e 20020000 		.4byte	.LFB4
 902 0112 54020000 		.4byte	.LFE4
 903 0116 F8000000 		.4byte	.LLST9
 904 011a 06       		.uleb128 0x6
 905 011b 30010000 		.4byte	.LASF3
 906 011f 01       		.byte	0x1
 907 0120 68       		.byte	0x68
 908 0121 96000000 		.4byte	0x96
 909 0125 23010000 		.4byte	.LLST10
 910 0129 07       		.uleb128 0x7
 911 012a 97000000 		.4byte	.LASF4
 912 012e 01       		.byte	0x1
 913 012f 69       		.byte	0x69
 914 0130 96000000 		.4byte	0x96
 915 0134 00       		.byte	0x0
 916 0135 05       		.uleb128 0x5
 917 0136 68010000 		.4byte	0x168
 918 013a 55010000 		.4byte	.LASF9
 919 013e 01       		.byte	0x1
 920 013f 53       		.byte	0x53
 921 0140 01       		.byte	0x1
 922 0141 54020000 		.4byte	.LFB3
 923 0145 88020000 		.4byte	.LFE3
 924 0149 36010000 		.4byte	.LLST11
 925 014d 06       		.uleb128 0x6
 926 014e 30010000 		.4byte	.LASF3
 927 0152 01       		.byte	0x1
 928 0153 54       		.byte	0x54
 929 0154 96000000 		.4byte	0x96
 930 0158 61010000 		.4byte	.LLST12
 931 015c 07       		.uleb128 0x7
 932 015d 97000000 		.4byte	.LASF4
 933 0161 01       		.byte	0x1
 934 0162 55       		.byte	0x55
 935 0163 96000000 		.4byte	0x96
 936 0167 00       		.byte	0x0
 937 0168 05       		.uleb128 0x5
ARM GAS  /cygdrive/c/DOCUME~1/mkwapisz/LOCALS~1/Temp/cceGgsPf.s 			page 23


 938 0169 9B010000 		.4byte	0x19b
 939 016d 3F010000 		.4byte	.LASF10
 940 0171 01       		.byte	0x1
 941 0172 3F       		.byte	0x3f
 942 0173 01       		.byte	0x1
 943 0174 88020000 		.4byte	.LFB2
 944 0178 BC020000 		.4byte	.LFE2
 945 017c 74010000 		.4byte	.LLST13
 946 0180 06       		.uleb128 0x6
 947 0181 30010000 		.4byte	.LASF3
 948 0185 01       		.byte	0x1
 949 0186 40       		.byte	0x40
 950 0187 96000000 		.4byte	0x96
 951 018b 9F010000 		.4byte	.LLST14
 952 018f 07       		.uleb128 0x7
 953 0190 97000000 		.4byte	.LASF4
 954 0194 01       		.byte	0x1
 955 0195 41       		.byte	0x41
 956 0196 96000000 		.4byte	0x96
 957 019a 00       		.byte	0x0
 958 019b 0A       		.uleb128 0xa
 959 019c 0D000000 		.4byte	.LASF11
 960 01a0 01       		.byte	0x1
 961 01a1 21       		.byte	0x21
 962 01a2 AD010000 		.4byte	0x1ad
 963 01a6 01       		.byte	0x1
 964 01a7 05       		.byte	0x5
 965 01a8 03       		.byte	0x3
 966 01a9 00000000 		.4byte	pHeapStart
 967 01ad 0B       		.uleb128 0xb
 968 01ae 04       		.byte	0x4
 969 01af B3010000 		.4byte	0x1b3
 970 01b3 08       		.uleb128 0x8
 971 01b4 18000000 		.4byte	.LASF13
 972 01b8 01       		.byte	0x1
 973 01b9 08       		.byte	0x8
 974 01ba 0A       		.uleb128 0xa
 975 01bb 22010000 		.4byte	.LASF14
 976 01bf 01       		.byte	0x1
 977 01c0 22       		.byte	0x22
 978 01c1 AD010000 		.4byte	0x1ad
 979 01c5 01       		.byte	0x1
 980 01c6 05       		.byte	0x5
 981 01c7 03       		.byte	0x3
 982 01c8 00000000 		.4byte	pHeapEnd
 983 01cc 0C       		.uleb128 0xc
 984 01cd 656E6400 		.ascii	"end\000"
 985 01d1 01       		.byte	0x1
 986 01d2 1B       		.byte	0x1b
 987 01d3 3F000000 		.4byte	.LASF19
 988 01d7 DD010000 		.4byte	0x1dd
 989 01db 01       		.byte	0x1
 990 01dc 01       		.byte	0x1
 991 01dd 08       		.uleb128 0x8
 992 01de 2B010000 		.4byte	.LASF15
 993 01e2 01       		.byte	0x1
 994 01e3 08       		.byte	0x8
ARM GAS  /cygdrive/c/DOCUME~1/mkwapisz/LOCALS~1/Temp/cceGgsPf.s 			page 24


 995 01e4 00       		.byte	0x0
 996              		.section	.debug_abbrev
 997 0000 01       		.uleb128 0x1
 998 0001 11       		.uleb128 0x11
 999 0002 01       		.byte	0x1
 1000 0003 10       		.uleb128 0x10
 1001 0004 06       		.uleb128 0x6
 1002 0005 12       		.uleb128 0x12
 1003 0006 01       		.uleb128 0x1
 1004 0007 11       		.uleb128 0x11
 1005 0008 01       		.uleb128 0x1
 1006 0009 25       		.uleb128 0x25
 1007 000a 0E       		.uleb128 0xe
 1008 000b 13       		.uleb128 0x13
 1009 000c 0B       		.uleb128 0xb
 1010 000d 03       		.uleb128 0x3
 1011 000e 0E       		.uleb128 0xe
 1012 000f 1B       		.uleb128 0x1b
 1013 0010 0E       		.uleb128 0xe
 1014 0011 00       		.byte	0x0
 1015 0012 00       		.byte	0x0
 1016 0013 02       		.uleb128 0x2
 1017 0014 2E       		.uleb128 0x2e
 1018 0015 00       		.byte	0x0
 1019 0016 3F       		.uleb128 0x3f
 1020 0017 0C       		.uleb128 0xc
 1021 0018 03       		.uleb128 0x3
 1022 0019 0E       		.uleb128 0xe
 1023 001a 3A       		.uleb128 0x3a
 1024 001b 0B       		.uleb128 0xb
 1025 001c 3B       		.uleb128 0x3b
 1026 001d 0B       		.uleb128 0xb
 1027 001e 27       		.uleb128 0x27
 1028 001f 0C       		.uleb128 0xc
 1029 0020 11       		.uleb128 0x11
 1030 0021 01       		.uleb128 0x1
 1031 0022 12       		.uleb128 0x12
 1032 0023 01       		.uleb128 0x1
 1033 0024 40       		.uleb128 0x40
 1034 0025 0A       		.uleb128 0xa
 1035 0026 00       		.byte	0x0
 1036 0027 00       		.byte	0x0
 1037 0028 03       		.uleb128 0x3
 1038 0029 2E       		.uleb128 0x2e
 1039 002a 00       		.byte	0x0
 1040 002b 3F       		.uleb128 0x3f
 1041 002c 0C       		.uleb128 0xc
 1042 002d 03       		.uleb128 0x3
 1043 002e 0E       		.uleb128 0xe
 1044 002f 3A       		.uleb128 0x3a
 1045 0030 0B       		.uleb128 0xb
 1046 0031 3B       		.uleb128 0x3b
 1047 0032 0B       		.uleb128 0xb
 1048 0033 27       		.uleb128 0x27
 1049 0034 0C       		.uleb128 0xc
 1050 0035 11       		.uleb128 0x11
 1051 0036 01       		.uleb128 0x1
ARM GAS  /cygdrive/c/DOCUME~1/mkwapisz/LOCALS~1/Temp/cceGgsPf.s 			page 25


 1052 0037 12       		.uleb128 0x12
 1053 0038 01       		.uleb128 0x1
 1054 0039 40       		.uleb128 0x40
 1055 003a 06       		.uleb128 0x6
 1056 003b 00       		.byte	0x0
 1057 003c 00       		.byte	0x0
 1058 003d 04       		.uleb128 0x4
 1059 003e 2E       		.uleb128 0x2e
 1060 003f 00       		.byte	0x0
 1061 0040 3F       		.uleb128 0x3f
 1062 0041 0C       		.uleb128 0xc
 1063 0042 03       		.uleb128 0x3
 1064 0043 0E       		.uleb128 0xe
 1065 0044 3A       		.uleb128 0x3a
 1066 0045 0B       		.uleb128 0xb
 1067 0046 3B       		.uleb128 0x3b
 1068 0047 05       		.uleb128 0x5
 1069 0048 27       		.uleb128 0x27
 1070 0049 0C       		.uleb128 0xc
 1071 004a 11       		.uleb128 0x11
 1072 004b 01       		.uleb128 0x1
 1073 004c 12       		.uleb128 0x12
 1074 004d 01       		.uleb128 0x1
 1075 004e 40       		.uleb128 0x40
 1076 004f 06       		.uleb128 0x6
 1077 0050 00       		.byte	0x0
 1078 0051 00       		.byte	0x0
 1079 0052 05       		.uleb128 0x5
 1080 0053 2E       		.uleb128 0x2e
 1081 0054 01       		.byte	0x1
 1082 0055 01       		.uleb128 0x1
 1083 0056 13       		.uleb128 0x13
 1084 0057 03       		.uleb128 0x3
 1085 0058 0E       		.uleb128 0xe
 1086 0059 3A       		.uleb128 0x3a
 1087 005a 0B       		.uleb128 0xb
 1088 005b 3B       		.uleb128 0x3b
 1089 005c 0B       		.uleb128 0xb
 1090 005d 27       		.uleb128 0x27
 1091 005e 0C       		.uleb128 0xc
 1092 005f 11       		.uleb128 0x11
 1093 0060 01       		.uleb128 0x1
 1094 0061 12       		.uleb128 0x12
 1095 0062 01       		.uleb128 0x1
 1096 0063 40       		.uleb128 0x40
 1097 0064 06       		.uleb128 0x6
 1098 0065 00       		.byte	0x0
 1099 0066 00       		.byte	0x0
 1100 0067 06       		.uleb128 0x6
 1101 0068 34       		.uleb128 0x34
 1102 0069 00       		.byte	0x0
 1103 006a 03       		.uleb128 0x3
 1104 006b 0E       		.uleb128 0xe
 1105 006c 3A       		.uleb128 0x3a
 1106 006d 0B       		.uleb128 0xb
 1107 006e 3B       		.uleb128 0x3b
 1108 006f 0B       		.uleb128 0xb
ARM GAS  /cygdrive/c/DOCUME~1/mkwapisz/LOCALS~1/Temp/cceGgsPf.s 			page 26


 1109 0070 49       		.uleb128 0x49
 1110 0071 13       		.uleb128 0x13
 1111 0072 02       		.uleb128 0x2
 1112 0073 06       		.uleb128 0x6
 1113 0074 00       		.byte	0x0
 1114 0075 00       		.byte	0x0
 1115 0076 07       		.uleb128 0x7
 1116 0077 34       		.uleb128 0x34
 1117 0078 00       		.byte	0x0
 1118 0079 03       		.uleb128 0x3
 1119 007a 0E       		.uleb128 0xe
 1120 007b 3A       		.uleb128 0x3a
 1121 007c 0B       		.uleb128 0xb
 1122 007d 3B       		.uleb128 0x3b
 1123 007e 0B       		.uleb128 0xb
 1124 007f 49       		.uleb128 0x49
 1125 0080 13       		.uleb128 0x13
 1126 0081 00       		.byte	0x0
 1127 0082 00       		.byte	0x0
 1128 0083 08       		.uleb128 0x8
 1129 0084 24       		.uleb128 0x24
 1130 0085 00       		.byte	0x0
 1131 0086 03       		.uleb128 0x3
 1132 0087 0E       		.uleb128 0xe
 1133 0088 0B       		.uleb128 0xb
 1134 0089 0B       		.uleb128 0xb
 1135 008a 3E       		.uleb128 0x3e
 1136 008b 0B       		.uleb128 0xb
 1137 008c 00       		.byte	0x0
 1138 008d 00       		.byte	0x0
 1139 008e 09       		.uleb128 0x9
 1140 008f 2E       		.uleb128 0x2e
 1141 0090 01       		.byte	0x1
 1142 0091 01       		.uleb128 0x1
 1143 0092 13       		.uleb128 0x13
 1144 0093 03       		.uleb128 0x3
 1145 0094 0E       		.uleb128 0xe
 1146 0095 3A       		.uleb128 0x3a
 1147 0096 0B       		.uleb128 0xb
 1148 0097 3B       		.uleb128 0x3b
 1149 0098 0B       		.uleb128 0xb
 1150 0099 11       		.uleb128 0x11
 1151 009a 01       		.uleb128 0x1
 1152 009b 12       		.uleb128 0x12
 1153 009c 01       		.uleb128 0x1
 1154 009d 40       		.uleb128 0x40
 1155 009e 06       		.uleb128 0x6
 1156 009f 00       		.byte	0x0
 1157 00a0 00       		.byte	0x0
 1158 00a1 0A       		.uleb128 0xa
 1159 00a2 34       		.uleb128 0x34
 1160 00a3 00       		.byte	0x0
 1161 00a4 03       		.uleb128 0x3
 1162 00a5 0E       		.uleb128 0xe
 1163 00a6 3A       		.uleb128 0x3a
 1164 00a7 0B       		.uleb128 0xb
 1165 00a8 3B       		.uleb128 0x3b
ARM GAS  /cygdrive/c/DOCUME~1/mkwapisz/LOCALS~1/Temp/cceGgsPf.s 			page 27


 1166 00a9 0B       		.uleb128 0xb
 1167 00aa 49       		.uleb128 0x49
 1168 00ab 13       		.uleb128 0x13
 1169 00ac 3F       		.uleb128 0x3f
 1170 00ad 0C       		.uleb128 0xc
 1171 00ae 02       		.uleb128 0x2
 1172 00af 0A       		.uleb128 0xa
 1173 00b0 00       		.byte	0x0
 1174 00b1 00       		.byte	0x0
 1175 00b2 0B       		.uleb128 0xb
 1176 00b3 0F       		.uleb128 0xf
 1177 00b4 00       		.byte	0x0
 1178 00b5 0B       		.uleb128 0xb
 1179 00b6 0B       		.uleb128 0xb
 1180 00b7 49       		.uleb128 0x49
 1181 00b8 13       		.uleb128 0x13
 1182 00b9 00       		.byte	0x0
 1183 00ba 00       		.byte	0x0
 1184 00bb 0C       		.uleb128 0xc
 1185 00bc 34       		.uleb128 0x34
 1186 00bd 00       		.byte	0x0
 1187 00be 03       		.uleb128 0x3
 1188 00bf 08       		.uleb128 0x8
 1189 00c0 3A       		.uleb128 0x3a
 1190 00c1 0B       		.uleb128 0xb
 1191 00c2 3B       		.uleb128 0x3b
 1192 00c3 0B       		.uleb128 0xb
 1193 00c4 8740     		.uleb128 0x2007
 1194 00c6 0E       		.uleb128 0xe
 1195 00c7 49       		.uleb128 0x49
 1196 00c8 13       		.uleb128 0x13
 1197 00c9 3F       		.uleb128 0x3f
 1198 00ca 0C       		.uleb128 0xc
 1199 00cb 3C       		.uleb128 0x3c
 1200 00cc 0C       		.uleb128 0xc
 1201 00cd 00       		.byte	0x0
 1202 00ce 00       		.byte	0x0
 1203 00cf 00       		.byte	0x0
 1204              		.section	.debug_pubnames,"",%progbits
 1205 0000 5F000000 		.4byte	0x5f
 1206 0004 0200     		.2byte	0x2
 1207 0006 00000000 		.4byte	.Ldebug_info0
 1208 000a E5010000 		.4byte	0x1e5
 1209 000e 25000000 		.4byte	0x25
 1210 0012 65786365 		.ascii	"exceptionHandlerInit\000"
 1210      7074696F 
 1210      6E48616E 
 1210      646C6572 
 1210      496E6974 
 1211 0027 38000000 		.4byte	0x38
 1212 002b 6C6F774C 		.ascii	"lowLevelInit\000"
 1212      6576656C 
 1212      496E6974 
 1212      00
 1213 0038 4D000000 		.4byte	0x4d
 1214 003c 6561496E 		.ascii	"eaInit\000"
 1214      697400
ARM GAS  /cygdrive/c/DOCUME~1/mkwapisz/LOCALS~1/Temp/cceGgsPf.s 			page 28


 1215 0043 9B010000 		.4byte	0x19b
 1216 0047 70486561 		.ascii	"pHeapStart\000"
 1216      70537461 
 1216      727400
 1217 0052 BA010000 		.4byte	0x1ba
 1218 0056 70486561 		.ascii	"pHeapEnd\000"
 1218      70456E64 
 1218      00
 1219 005f 00000000 		.4byte	0x0
 1220              		.section	.debug_aranges,"",%progbits
 1221 0000 1C000000 		.4byte	0x1c
 1222 0004 0200     		.2byte	0x2
 1223 0006 00000000 		.4byte	.Ldebug_info0
 1224 000a 04       		.byte	0x4
 1225 000b 00       		.byte	0x0
 1226 000c 0000     		.2byte	0x0
 1227 000e 0000     		.2byte	0x0
 1228 0010 00000000 		.4byte	.Ltext0
 1229 0014 BC020000 		.4byte	.Letext0-.Ltext0
 1230 0018 00000000 		.4byte	0x0
 1231 001c 00000000 		.4byte	0x0
 1232              		.section	.debug_str,"MS",%progbits,1
 1233              	.LASF12:
 1234 0000 756E7369 		.ascii	"unsigned int\000"
 1234      676E6564 
 1234      20696E74 
 1234      00
 1235              	.LASF11:
 1236 000d 70486561 		.ascii	"pHeapStart\000"
 1236      70537461 
 1236      727400
 1237              	.LASF13:
 1238 0018 756E7369 		.ascii	"unsigned char\000"
 1238      676E6564 
 1238      20636861 
 1238      7200
 1239              	.LASF17:
 1240 0026 6672616D 		.ascii	"framework.c\000"
 1240      65776F72 
 1240      6B2E6300 
 1241              	.LASF1:
 1242 0032 6C6F774C 		.ascii	"lowLevelInit\000"
 1242      6576656C 
 1242      496E6974 
 1242      00
 1243              	.LASF19:
 1244 003f 2A656E64 		.ascii	"*end\000"
 1244      00
 1245              	.LASF0:
 1246 0044 65786365 		.ascii	"exceptionHandlerInit\000"
 1246      7074696F 
 1246      6E48616E 
 1246      646C6572 
 1246      496E6974 
 1247              	.LASF2:
 1248 0059 6561496E 		.ascii	"eaInit\000"
 1248      697400
ARM GAS  /cygdrive/c/DOCUME~1/mkwapisz/LOCALS~1/Temp/cceGgsPf.s 			page 29


 1249              	.LASF7:
 1250 0060 65786365 		.ascii	"exceptionHandlerDabort\000"
 1250      7074696F 
 1250      6E48616E 
 1250      646C6572 
 1250      4461626F 
 1251              	.LASF16:
 1252 0077 474E5520 		.ascii	"GNU C 4.1.1\000"
 1252      4320342E 
 1252      312E3100 
 1253              	.LASF6:
 1254 0083 65786365 		.ascii	"exceptionHandlerFiq\000"
 1254      7074696F 
 1254      6E48616E 
 1254      646C6572 
 1254      46697100 
 1255              	.LASF4:
 1256 0097 76616C75 		.ascii	"value\000"
 1256      6500
 1257              	.LASF8:
 1258 009d 65786365 		.ascii	"exceptionHandlerPabort\000"
 1258      7074696F 
 1258      6E48616E 
 1258      646C6572 
 1258      5061626F 
 1259              	.LASF5:
 1260 00b4 65786365 		.ascii	"exceptionHandlerIrq\000"
 1260      7074696F 
 1260      6E48616E 
 1260      646C6572 
 1260      49727100 
 1261              	.LASF18:
 1262 00c8 2F637967 		.ascii	"/cygdrive/c/Documents and Settings/mkwapisz/My Docu"
 1262      64726976 
 1262      652F632F 
 1262      446F6375 
 1262      6D656E74 
 1263 00fb 6D656E74 		.ascii	"ments/GitHub/IntergatedSystems/startup\000"
 1263      732F4769 
 1263      74487562 
 1263      2F496E74 
 1263      65726761 
 1264              	.LASF14:
 1265 0122 70486561 		.ascii	"pHeapEnd\000"
 1265      70456E64 
 1265      00
 1266              	.LASF15:
 1267 012b 63686172 		.ascii	"char\000"
 1267      00
 1268              	.LASF3:
 1269 0130 70726F67 		.ascii	"programCounter\000"
 1269      72616D43 
 1269      6F756E74 
 1269      657200
 1270              	.LASF10:
 1271 013f 65786365 		.ascii	"exceptionHandlerUndef\000"
 1271      7074696F 
ARM GAS  /cygdrive/c/DOCUME~1/mkwapisz/LOCALS~1/Temp/cceGgsPf.s 			page 30


 1271      6E48616E 
 1271      646C6572 
 1271      556E6465 
 1272              	.LASF9:
 1273 0155 65786365 		.ascii	"exceptionHandlerSwi\000"
 1273      7074696F 
 1273      6E48616E 
 1273      646C6572 
 1273      53776900 
 1274              		.ident	"GCC: (GNU) 4.1.1"
ARM GAS  /cygdrive/c/DOCUME~1/mkwapisz/LOCALS~1/Temp/cceGgsPf.s 			page 31


DEFINED SYMBOLS
                            *ABS*:00000000 framework.c
/cygdrive/c/DOCUME~1/mkwapisz/LOCALS~1/Temp/cceGgsPf.s:13     .text:00000000 exceptionHandlerInit
/cygdrive/c/DOCUME~1/mkwapisz/LOCALS~1/Temp/cceGgsPf.s:22     .text:00000000 $a
/cygdrive/c/DOCUME~1/mkwapisz/LOCALS~1/Temp/cceGgsPf.s:59     .text:00000050 $d
/cygdrive/c/DOCUME~1/mkwapisz/LOCALS~1/Temp/cceGgsPf.s:222    .text:00000184 exceptionHandlerIrq
                            *COM*:00000004 pHeapStart
                            *COM*:00000004 pHeapEnd
/cygdrive/c/DOCUME~1/mkwapisz/LOCALS~1/Temp/cceGgsPf.s:422    .text:00000288 exceptionHandlerUndef
/cygdrive/c/DOCUME~1/mkwapisz/LOCALS~1/Temp/cceGgsPf.s:382    .text:00000254 exceptionHandlerSwi
/cygdrive/c/DOCUME~1/mkwapisz/LOCALS~1/Temp/cceGgsPf.s:342    .text:00000220 exceptionHandlerPabort
/cygdrive/c/DOCUME~1/mkwapisz/LOCALS~1/Temp/cceGgsPf.s:302    .text:000001ec exceptionHandlerDabort
/cygdrive/c/DOCUME~1/mkwapisz/LOCALS~1/Temp/cceGgsPf.s:262    .text:000001b8 exceptionHandlerFiq
/cygdrive/c/DOCUME~1/mkwapisz/LOCALS~1/Temp/cceGgsPf.s:74     .text:00000078 lowLevelInit
/cygdrive/c/DOCUME~1/mkwapisz/LOCALS~1/Temp/cceGgsPf.s:81     .text:00000078 $a
/cygdrive/c/DOCUME~1/mkwapisz/LOCALS~1/Temp/cceGgsPf.s:162    .text:0000011c $d
/cygdrive/c/DOCUME~1/mkwapisz/LOCALS~1/Temp/cceGgsPf.s:170    .text:00000128 eaInit
/cygdrive/c/DOCUME~1/mkwapisz/LOCALS~1/Temp/cceGgsPf.s:176    .text:00000128 $a
/cygdrive/c/DOCUME~1/mkwapisz/LOCALS~1/Temp/cceGgsPf.s:211    .text:0000017c $d
/cygdrive/c/DOCUME~1/mkwapisz/LOCALS~1/Temp/cceGgsPf.s:228    .text:00000184 $a
/cygdrive/c/DOCUME~1/mkwapisz/LOCALS~1/Temp/cceGgsPf.s:252    .text:000001b4 $d
/cygdrive/c/DOCUME~1/mkwapisz/LOCALS~1/Temp/cceGgsPf.s:268    .text:000001b8 $a
/cygdrive/c/DOCUME~1/mkwapisz/LOCALS~1/Temp/cceGgsPf.s:292    .text:000001e8 $d
/cygdrive/c/DOCUME~1/mkwapisz/LOCALS~1/Temp/cceGgsPf.s:308    .text:000001ec $a
/cygdrive/c/DOCUME~1/mkwapisz/LOCALS~1/Temp/cceGgsPf.s:332    .text:0000021c $d
/cygdrive/c/DOCUME~1/mkwapisz/LOCALS~1/Temp/cceGgsPf.s:348    .text:00000220 $a
/cygdrive/c/DOCUME~1/mkwapisz/LOCALS~1/Temp/cceGgsPf.s:372    .text:00000250 $d
/cygdrive/c/DOCUME~1/mkwapisz/LOCALS~1/Temp/cceGgsPf.s:388    .text:00000254 $a
/cygdrive/c/DOCUME~1/mkwapisz/LOCALS~1/Temp/cceGgsPf.s:412    .text:00000284 $d
/cygdrive/c/DOCUME~1/mkwapisz/LOCALS~1/Temp/cceGgsPf.s:428    .text:00000288 $a
/cygdrive/c/DOCUME~1/mkwapisz/LOCALS~1/Temp/cceGgsPf.s:452    .text:000002b8 $d

UNDEFINED SYMBOLS
end
consolInit
consolSendString
consolSendNumber
