ARM GAS  /cygdrive/c/DOCUME~1/mkwapisz/LOCALS~1/Temp/cc4i2dXy.s 			page 1


   1              		.code	16
   2              		.file	"lcd_hw.c"
   3              		.section	.debug_abbrev,"",%progbits
   4              	.Ldebug_abbrev0:
   5              		.section	.debug_info,"",%progbits
   6              	.Ldebug_info0:
   7              		.section	.debug_line,"",%progbits
   8              	.Ldebug_line0:
   9 0000 91000000 		.text
   9      02005100 
   9      00000201 
   9      FB0E0D00 
   9      01010101 
  10              	.Ltext0:
  11              		.align	2
  12              		.global	sendToLCD
  13              		.code 16
  14              		.thumb_func
  15              		.type	sendToLCD, %function
  16              	sendToLCD:
  17              	.LFB2:
  18              		.file 1 "lcd/lcd_hw.c"
   1:lcd/lcd_hw.c  **** #include "../pre_emptive_os/api/osapi.h"
   2:lcd/lcd_hw.c  **** #include "../pre_emptive_os/api/general.h"
   3:lcd/lcd_hw.c  **** #include <lpc2xxx.h>
   4:lcd/lcd_hw.c  **** #include "lcd_hw.h"
   5:lcd/lcd_hw.c  **** 
   6:lcd/lcd_hw.c  **** void sendToLCD(tU8 firstBit, tU8 data) {
  19              		.loc 1 6 0
  20 0000 30B5     		push	{r4, r5, lr}
  21              	.LCFI0:
  22              	.LVL0:
   7:lcd/lcd_hw.c  **** 	//disable SPI
   8:lcd/lcd_hw.c  **** 	IOCLR = LCD_CLK;
  23              		.loc 1 8 0
  24 0002 174C     		ldr	r4, .L10
  25              		.loc 1 6 0
  26 0004 0906     		lsl	r1, r1, #24
  27              	.LVL1:
  28              		.loc 1 8 0
  29 0006 1023     		mov	r3, #16
  30 0008 2360     		str	r3, [r4]
  31              		.loc 1 6 0
  32 000a 0D0E     		lsr	r5, r1, #24
  33              	.LVL2:
   9:lcd/lcd_hw.c  **** 	PINSEL0 &= 0xffffc0ff;
  34              		.loc 1 9 0
  35 000c 1549     		ldr	r1, .L10+4
  36 000e 164A     		ldr	r2, .L10+8
  37 0010 0B68     		ldr	r3, [r1]
  38              		.loc 1 6 0
  39 0012 0006     		lsl	r0, r0, #24
  40              	.LVL3:
  41              		.loc 1 9 0
  42 0014 1340     		and	r3, r3, r2
  43              		.loc 1 6 0
  44 0016 000E     		lsr	r0, r0, #24
ARM GAS  /cygdrive/c/DOCUME~1/mkwapisz/LOCALS~1/Temp/cc4i2dXy.s 			page 2


  45              	.LVL4:
  46              		.loc 1 9 0
  47 0018 0B60     		str	r3, [r1]
  10:lcd/lcd_hw.c  **** 
  11:lcd/lcd_hw.c  **** 	if (1 == firstBit)
  48              		.loc 1 11 0
  49 001a 0128     		cmp	r0, #1
  50 001c 03D1     		bne	.L2
  12:lcd/lcd_hw.c  **** 		IOSET = LCD_MOSI;   //set MOSI
  51              		.loc 1 12 0
  52 001e 134B     		ldr	r3, .L10+12
  53 0020 4022     		mov	r2, #64
  54 0022 1A60     		str	r2, [r3]
  55 0024 01E0     		b	.L4
  56              	.L2:
  13:lcd/lcd_hw.c  **** 	else
  14:lcd/lcd_hw.c  **** 		IOCLR = LCD_MOSI;   //reset MOSI
  57              		.loc 1 14 0
  58 0026 4023     		mov	r3, #64
  59 0028 2360     		str	r3, [r4]
  60              	.L4:
  15:lcd/lcd_hw.c  **** 
  16:lcd/lcd_hw.c  **** 	//Set clock high
  17:lcd/lcd_hw.c  **** 	IOSET = LCD_CLK;
  61              		.loc 1 17 0
  62 002a 104B     		ldr	r3, .L10+12
  63 002c 1022     		mov	r2, #16
  64 002e 1A60     		str	r2, [r3]
  18:lcd/lcd_hw.c  **** 
  19:lcd/lcd_hw.c  **** 	//Set clock low
  20:lcd/lcd_hw.c  **** 	IOCLR = LCD_CLK;
  65              		.loc 1 20 0
  66 0030 0833     		add	r3, r3, #8
  67 0032 1A60     		str	r2, [r3]
  21:lcd/lcd_hw.c  **** 
  22:lcd/lcd_hw.c  **** 	/*
  23:lcd/lcd_hw.c  **** 	 * Enable SPI again
  24:lcd/lcd_hw.c  **** 	 */
  25:lcd/lcd_hw.c  **** 	//initialize SPI interface
  26:lcd/lcd_hw.c  **** 	SPI_SPCCR = 0x08;
  68              		.loc 1 26 0
  69 0034 0E4B     		ldr	r3, .L10+16
  70 0036 0822     		mov	r2, #8
  71 0038 1A60     		str	r2, [r3]
  27:lcd/lcd_hw.c  **** 	SPI_SPCR = 0x20;
  72              		.loc 1 27 0
  73 003a 2022     		mov	r2, #32
  74 003c 0C3B     		sub	r3, r3, #12
  75 003e 1A60     		str	r2, [r3]
  28:lcd/lcd_hw.c  **** 
  29:lcd/lcd_hw.c  **** 	//connect SPI bus to IO-pins
  30:lcd/lcd_hw.c  **** 	PINSEL0 |= 0x00001500;
  76              		.loc 1 30 0
  77 0040 0849     		ldr	r1, .L10+4
  78 0042 A823     		mov	r3, #168
  79 0044 0A68     		ldr	r2, [r1]
  80 0046 5B01     		lsl	r3, r3, #5
ARM GAS  /cygdrive/c/DOCUME~1/mkwapisz/LOCALS~1/Temp/cc4i2dXy.s 			page 3


  81 0048 1A43     		orr	r2, r2, r3
  31:lcd/lcd_hw.c  **** 
  32:lcd/lcd_hw.c  **** 	//send byte
  33:lcd/lcd_hw.c  **** 	SPI_SPDR = data;
  82              		.loc 1 33 0
  83 004a 0A4B     		ldr	r3, .L10+20
  84              		.loc 1 30 0
  85 004c 0A60     		str	r2, [r1]
  86              		.loc 1 33 0
  87 004e 1D60     		str	r5, [r3]
  88              	.L5:
  34:lcd/lcd_hw.c  **** 	while ((SPI_SPSR & 0x80) == 0)
  89              		.loc 1 34 0
  90 0050 094B     		ldr	r3, .L10+24
  91 0052 1B68     		ldr	r3, [r3]
  92 0054 1A06     		lsl	r2, r3, #24
  93 0056 FBD5     		bpl	.L5
  35:lcd/lcd_hw.c  **** 		;
  36:lcd/lcd_hw.c  **** }
  94              		.loc 1 36 0
  95              		@ sp needed for prologue
  96              	.LVL5:
  97 0058 30BC     		pop	{r4, r5}
  98 005a 01BC     		pop	{r0}
  99 005c 0047     		bx	r0
 100              	.L11:
 101 005e 0000     		.align	2
 102              	.L10:
 103 0060 0C8002E0 		.word	-536707060
 104 0064 00C002E0 		.word	-536690688
 105 0068 FFC0FFFF 		.word	-16129
 106 006c 048002E0 		.word	-536707068
 107 0070 0C0002E0 		.word	-536739828
 108 0074 080002E0 		.word	-536739832
 109 0078 040002E0 		.word	-536739836
 110              	.LFE2:
 111              		.size	sendToLCD, .-sendToLCD
 112              		.align	2
 113              		.global	selectLCD
 114              		.code 16
 115              		.thumb_func
 116              		.type	selectLCD, %function
 117              	selectLCD:
 118              	.LFB4:
  37:lcd/lcd_hw.c  **** 
  38:lcd/lcd_hw.c  **** void initSpiForLcd(void) {
  39:lcd/lcd_hw.c  **** 	//make SPI slave chip select an output and set signal high
  40:lcd/lcd_hw.c  **** 	IODIR |= (LCD_CS | LCD_CLK | LCD_MOSI);
  41:lcd/lcd_hw.c  **** 
  42:lcd/lcd_hw.c  **** 	//deselect controller
  43:lcd/lcd_hw.c  **** 	selectLCD(FALSE);
  44:lcd/lcd_hw.c  **** 
  45:lcd/lcd_hw.c  **** 	//connect SPI bus to IO-pins
  46:lcd/lcd_hw.c  **** 	PINSEL0 |= 0x00001500;
  47:lcd/lcd_hw.c  **** 
  48:lcd/lcd_hw.c  **** 	//initialize SPI interface
  49:lcd/lcd_hw.c  **** 	SPI_SPCCR = 0x08;
ARM GAS  /cygdrive/c/DOCUME~1/mkwapisz/LOCALS~1/Temp/cc4i2dXy.s 			page 4


  50:lcd/lcd_hw.c  **** 	SPI_SPCR = 0x20;
  51:lcd/lcd_hw.c  **** }
  52:lcd/lcd_hw.c  **** 
  53:lcd/lcd_hw.c  **** void selectLCD(tBool select) {
 119              		.loc 1 53 0
 120              	.LVL6:
 121 007c 0006     		lsl	r0, r0, #24
 122              	.LVL7:
 123 007e 000E     		lsr	r0, r0, #24
 124              	.LVL8:
 125              		@ lr needed for prologue
  54:lcd/lcd_hw.c  **** 	if (TRUE == select)
 126              		.loc 1 54 0
 127 0080 0128     		cmp	r0, #1
 128 0082 02D1     		bne	.L13
  55:lcd/lcd_hw.c  **** 		IOCLR = LCD_CS;
 129              		.loc 1 55 0
 130 0084 034B     		ldr	r3, .L18
 131 0086 8022     		mov	r2, #128
 132 0088 01E0     		b	.L17
 133              	.L13:
  56:lcd/lcd_hw.c  **** 	else
  57:lcd/lcd_hw.c  **** 		IOSET = LCD_CS;
 134              		.loc 1 57 0
 135 008a 034B     		ldr	r3, .L18+4
 136 008c 8022     		mov	r2, #128
 137              	.L17:
 138 008e 1A60     		str	r2, [r3]
  58:lcd/lcd_hw.c  **** }
 139              		.loc 1 58 0
 140              		@ sp needed for prologue
 141 0090 7047     		bx	lr
 142              	.L19:
 143 0092 0000     		.align	2
 144              	.L18:
 145 0094 0C8002E0 		.word	-536707060
 146 0098 048002E0 		.word	-536707068
 147              	.LFE4:
 148              		.size	selectLCD, .-selectLCD
 149              		.align	2
 150              		.global	initSpiForLcd
 151              		.code 16
 152              		.thumb_func
 153              		.type	initSpiForLcd, %function
 154              	initSpiForLcd:
 155              	.LFB3:
 156              		.loc 1 38 0
 157              		.loc 1 40 0
 158 009c 0A49     		ldr	r1, .L22
 159 009e 0B68     		ldr	r3, [r1]
 160 00a0 D022     		mov	r2, #208
 161 00a2 1343     		orr	r3, r3, r2
 162 00a4 0B60     		str	r3, [r1]
 163              	.LBB4:
 164              	.LBB5:
 165              		.loc 1 57 0
 166 00a6 094B     		ldr	r3, .L22+4
ARM GAS  /cygdrive/c/DOCUME~1/mkwapisz/LOCALS~1/Temp/cc4i2dXy.s 			page 5


 167 00a8 8022     		mov	r2, #128
 168 00aa 1A60     		str	r2, [r3]
 169              	.LBE5:
 170              	.LBE4:
 171              		.loc 1 46 0
 172 00ac 0849     		ldr	r1, .L22+8
 173 00ae A823     		mov	r3, #168
 174 00b0 0A68     		ldr	r2, [r1]
 175 00b2 5B01     		lsl	r3, r3, #5
 176 00b4 1A43     		orr	r2, r2, r3
 177              		.loc 1 49 0
 178 00b6 074B     		ldr	r3, .L22+12
 179              		.loc 1 46 0
 180 00b8 0A60     		str	r2, [r1]
 181              		.loc 1 49 0
 182 00ba 0822     		mov	r2, #8
 183 00bc 1A60     		str	r2, [r3]
 184              		.loc 1 50 0
 185 00be 2022     		mov	r2, #32
 186 00c0 0C3B     		sub	r3, r3, #12
 187              		.loc 1 38 0
 188              		@ lr needed for prologue
 189              		.loc 1 50 0
 190 00c2 1A60     		str	r2, [r3]
 191              		.loc 1 51 0
 192              		@ sp needed for prologue
 193 00c4 7047     		bx	lr
 194              	.L23:
 195 00c6 0000     		.align	2
 196              	.L22:
 197 00c8 088002E0 		.word	-536707064
 198 00cc 048002E0 		.word	-536707068
 199 00d0 00C002E0 		.word	-536690688
 200 00d4 0C0002E0 		.word	-536739828
 201              	.LFE3:
 202              		.size	initSpiForLcd, .-initSpiForLcd
 203              		.section	.debug_frame,"",%progbits
 204              	.Lframe0:
 205 0000 0C000000 		.4byte	.LECIE0-.LSCIE0
 206              	.LSCIE0:
 207 0004 FFFFFFFF 		.4byte	0xffffffff
 208 0008 01       		.byte	0x1
 209 0009 00       		.ascii	"\000"
 210 000a 01       		.uleb128 0x1
 211 000b 7C       		.sleb128 -4
 212 000c 0E       		.byte	0xe
 213 000d 0C       		.byte	0xc
 214 000e 0D       		.uleb128 0xd
 215 000f 00       		.uleb128 0x0
 216              		.align	2
 217              	.LECIE0:
 218              	.LSFDE0:
 219 0010 18000000 		.4byte	.LEFDE0-.LASFDE0
 220              	.LASFDE0:
 221 0014 00000000 		.4byte	.Lframe0
 222 0018 00000000 		.4byte	.LFB2
 223 001c 7C000000 		.4byte	.LFE2-.LFB2
ARM GAS  /cygdrive/c/DOCUME~1/mkwapisz/LOCALS~1/Temp/cc4i2dXy.s 			page 6


 224 0020 42       		.byte	0x4
 225              		.4byte	.LCFI0-.LFB2
 226 0021 0E       		.byte	0xe
 227 0022 0C       		.uleb128 0xc
 228 0023 84       		.byte	0x84
 229 0024 03       		.uleb128 0x3
 230 0025 85       		.byte	0x85
 231 0026 02       		.uleb128 0x2
 232 0027 8E       		.byte	0x8e
 233 0028 01       		.uleb128 0x1
 234 0029 000000   		.align	2
 235              	.LEFDE0:
 236              	.LSFDE2:
 237 002c 0C000000 		.4byte	.LEFDE2-.LASFDE2
 238              	.LASFDE2:
 239 0030 00000000 		.4byte	.Lframe0
 240 0034 7C000000 		.4byte	.LFB4
 241 0038 20000000 		.4byte	.LFE4-.LFB4
 242              		.align	2
 243              	.LEFDE2:
 244              	.LSFDE4:
 245 003c 0C000000 		.4byte	.LEFDE4-.LASFDE4
 246              	.LASFDE4:
 247 0040 00000000 		.4byte	.Lframe0
 248 0044 9C000000 		.4byte	.LFB3
 249 0048 3C000000 		.4byte	.LFE3-.LFB3
 250              		.align	2
 251              	.LEFDE4:
 252              		.file 2 "lcd/../pre_emptive_os/api/../api/general.h"
 253              		.text
 254              	.Letext0:
 255              		.section	.debug_loc,"",%progbits
 256              	.Ldebug_loc0:
 257              	.LLST0:
 258 0000 00000000 		.4byte	.LFB2-.Ltext0
 259 0004 02000000 		.4byte	.LCFI0-.Ltext0
 260 0008 0100     		.2byte	0x1
 261 000a 5D       		.byte	0x5d
 262 000b 02000000 		.4byte	.LCFI0-.Ltext0
 263 000f 7C000000 		.4byte	.LFE2-.Ltext0
 264 0013 0200     		.2byte	0x2
 265 0015 7D       		.byte	0x7d
 266 0016 0C       		.sleb128 12
 267 0017 00000000 		.4byte	0x0
 268 001b 00000000 		.4byte	0x0
 269              	.LLST1:
 270 001f 02000000 		.4byte	.LVL0-.Ltext0
 271 0023 14000000 		.4byte	.LVL3-.Ltext0
 272 0027 0100     		.2byte	0x1
 273 0029 50       		.byte	0x50
 274 002a 18000000 		.4byte	.LVL4-.Ltext0
 275 002e 7C000000 		.4byte	.LFE2-.Ltext0
 276 0032 0100     		.2byte	0x1
 277 0034 50       		.byte	0x50
 278 0035 00000000 		.4byte	0x0
 279 0039 00000000 		.4byte	0x0
 280              	.LLST2:
ARM GAS  /cygdrive/c/DOCUME~1/mkwapisz/LOCALS~1/Temp/cc4i2dXy.s 			page 7


 281 003d 02000000 		.4byte	.LVL0-.Ltext0
 282 0041 06000000 		.4byte	.LVL1-.Ltext0
 283 0045 0100     		.2byte	0x1
 284 0047 51       		.byte	0x51
 285 0048 0C000000 		.4byte	.LVL2-.Ltext0
 286 004c 58000000 		.4byte	.LVL5-.Ltext0
 287 0050 0100     		.2byte	0x1
 288 0052 55       		.byte	0x55
 289 0053 00000000 		.4byte	0x0
 290 0057 00000000 		.4byte	0x0
 291              	.LLST4:
 292 005b 7C000000 		.4byte	.LVL6-.Ltext0
 293 005f 7E000000 		.4byte	.LVL7-.Ltext0
 294 0063 0100     		.2byte	0x1
 295 0065 50       		.byte	0x50
 296 0066 80000000 		.4byte	.LVL8-.Ltext0
 297 006a 9C000000 		.4byte	.LFE4-.Ltext0
 298 006e 0100     		.2byte	0x1
 299 0070 50       		.byte	0x50
 300 0071 00000000 		.4byte	0x0
 301 0075 00000000 		.4byte	0x0
 302              		.section	.debug_info
 303 0000 01010000 		.4byte	0x101
 304 0004 0200     		.2byte	0x2
 305 0006 00000000 		.4byte	.Ldebug_abbrev0
 306 000a 04       		.byte	0x4
 307 000b 01       		.uleb128 0x1
 308 000c 00000000 		.4byte	.Ldebug_line0
 309 0010 D8000000 		.4byte	.Letext0
 310 0014 00000000 		.4byte	.Ltext0
 311 0018 98000000 		.4byte	.LASF12
 312 001c 01       		.byte	0x1
 313 001d 24000000 		.4byte	.LASF13
 314 0021 6D000000 		.4byte	.LASF14
 315 0025 02       		.uleb128 0x2
 316 0026 74553800 		.ascii	"tU8\000"
 317 002a 02       		.byte	0x2
 318 002b 46       		.byte	0x46
 319 002c 30000000 		.4byte	0x30
 320 0030 03       		.uleb128 0x3
 321 0031 31000000 		.4byte	.LASF0
 322 0035 01       		.byte	0x1
 323 0036 08       		.byte	0x8
 324 0037 03       		.uleb128 0x3
 325 0038 51000000 		.4byte	.LASF1
 326 003c 02       		.byte	0x2
 327 003d 07       		.byte	0x7
 328 003e 03       		.uleb128 0x3
 329 003f 8B000000 		.4byte	.LASF2
 330 0043 04       		.byte	0x4
 331 0044 07       		.byte	0x7
 332 0045 03       		.uleb128 0x3
 333 0046 B8000000 		.4byte	.LASF3
 334 004a 01       		.byte	0x1
 335 004b 06       		.byte	0x6
 336 004c 03       		.uleb128 0x3
 337 004d AE000000 		.4byte	.LASF4
ARM GAS  /cygdrive/c/DOCUME~1/mkwapisz/LOCALS~1/Temp/cc4i2dXy.s 			page 8


 338 0051 02       		.byte	0x2
 339 0052 05       		.byte	0x5
 340 0053 04       		.uleb128 0x4
 341 0054 696E7400 		.ascii	"int\000"
 342 0058 04       		.byte	0x4
 343 0059 05       		.byte	0x5
 344 005a 05       		.uleb128 0x5
 345 005b C4000000 		.4byte	.LASF5
 346 005f 02       		.byte	0x2
 347 0060 4C       		.byte	0x4c
 348 0061 30000000 		.4byte	0x30
 349 0065 03       		.uleb128 0x3
 350 0066 3F000000 		.4byte	.LASF6
 351 006a 04       		.byte	0x4
 352 006b 07       		.byte	0x7
 353 006c 06       		.uleb128 0x6
 354 006d A4000000 		.4byte	0xa4
 355 0071 01       		.byte	0x1
 356 0072 A4000000 		.4byte	.LASF9
 357 0076 01       		.byte	0x1
 358 0077 06       		.byte	0x6
 359 0078 01       		.byte	0x1
 360 0079 00000000 		.4byte	.LFB2
 361 007d 7C000000 		.4byte	.LFE2
 362 0081 00000000 		.4byte	.LLST0
 363 0085 07       		.uleb128 0x7
 364 0086 64000000 		.4byte	.LASF7
 365 008a 01       		.byte	0x1
 366 008b 06       		.byte	0x6
 367 008c 25000000 		.4byte	0x25
 368 0090 1F000000 		.4byte	.LLST1
 369 0094 07       		.uleb128 0x7
 370 0095 00000000 		.4byte	.LASF8
 371 0099 01       		.byte	0x1
 372 009a 06       		.byte	0x6
 373 009b 25000000 		.4byte	0x25
 374 009f 3D000000 		.4byte	.LLST2
 375 00a3 00       		.byte	0x0
 376 00a4 08       		.uleb128 0x8
 377 00a5 BE000000 		.4byte	0xbe
 378 00a9 01       		.byte	0x1
 379 00aa 1A000000 		.4byte	.LASF10
 380 00ae 01       		.byte	0x1
 381 00af 35       		.byte	0x35
 382 00b0 01       		.byte	0x1
 383 00b1 01       		.byte	0x1
 384 00b2 09       		.uleb128 0x9
 385 00b3 13000000 		.4byte	.LASF11
 386 00b7 01       		.byte	0x1
 387 00b8 35       		.byte	0x35
 388 00b9 5A000000 		.4byte	0x5a
 389 00bd 00       		.byte	0x0
 390 00be 0A       		.uleb128 0xa
 391 00bf DB000000 		.4byte	0xdb
 392 00c3 A4000000 		.4byte	0xa4
 393 00c7 7C000000 		.4byte	.LFB4
 394 00cb 9C000000 		.4byte	.LFE4
ARM GAS  /cygdrive/c/DOCUME~1/mkwapisz/LOCALS~1/Temp/cc4i2dXy.s 			page 9


 395 00cf 01       		.byte	0x1
 396 00d0 5D       		.byte	0x5d
 397 00d1 0B       		.uleb128 0xb
 398 00d2 B2000000 		.4byte	0xb2
 399 00d6 5B000000 		.4byte	.LLST4
 400 00da 00       		.byte	0x0
 401 00db 0C       		.uleb128 0xc
 402 00dc 01       		.byte	0x1
 403 00dd 05000000 		.4byte	.LASF15
 404 00e1 01       		.byte	0x1
 405 00e2 26       		.byte	0x26
 406 00e3 01       		.byte	0x1
 407 00e4 9C000000 		.4byte	.LFB3
 408 00e8 D8000000 		.4byte	.LFE3
 409 00ec 01       		.byte	0x1
 410 00ed 5D       		.byte	0x5d
 411 00ee 0D       		.uleb128 0xd
 412 00ef A4000000 		.4byte	0xa4
 413 00f3 A6000000 		.4byte	.LBB4
 414 00f7 AC000000 		.4byte	.LBE4
 415 00fb 01       		.byte	0x1
 416 00fc 2B       		.byte	0x2b
 417 00fd 0E       		.uleb128 0xe
 418 00fe D1000000 		.4byte	0xd1
 419 0102 00       		.byte	0x0
 420 0103 00       		.byte	0x0
 421 0104 00       		.byte	0x0
 422              		.section	.debug_abbrev
 423 0000 01       		.uleb128 0x1
 424 0001 11       		.uleb128 0x11
 425 0002 01       		.byte	0x1
 426 0003 10       		.uleb128 0x10
 427 0004 06       		.uleb128 0x6
 428 0005 12       		.uleb128 0x12
 429 0006 01       		.uleb128 0x1
 430 0007 11       		.uleb128 0x11
 431 0008 01       		.uleb128 0x1
 432 0009 25       		.uleb128 0x25
 433 000a 0E       		.uleb128 0xe
 434 000b 13       		.uleb128 0x13
 435 000c 0B       		.uleb128 0xb
 436 000d 03       		.uleb128 0x3
 437 000e 0E       		.uleb128 0xe
 438 000f 1B       		.uleb128 0x1b
 439 0010 0E       		.uleb128 0xe
 440 0011 00       		.byte	0x0
 441 0012 00       		.byte	0x0
 442 0013 02       		.uleb128 0x2
 443 0014 16       		.uleb128 0x16
 444 0015 00       		.byte	0x0
 445 0016 03       		.uleb128 0x3
 446 0017 08       		.uleb128 0x8
 447 0018 3A       		.uleb128 0x3a
 448 0019 0B       		.uleb128 0xb
 449 001a 3B       		.uleb128 0x3b
 450 001b 0B       		.uleb128 0xb
 451 001c 49       		.uleb128 0x49
ARM GAS  /cygdrive/c/DOCUME~1/mkwapisz/LOCALS~1/Temp/cc4i2dXy.s 			page 10


 452 001d 13       		.uleb128 0x13
 453 001e 00       		.byte	0x0
 454 001f 00       		.byte	0x0
 455 0020 03       		.uleb128 0x3
 456 0021 24       		.uleb128 0x24
 457 0022 00       		.byte	0x0
 458 0023 03       		.uleb128 0x3
 459 0024 0E       		.uleb128 0xe
 460 0025 0B       		.uleb128 0xb
 461 0026 0B       		.uleb128 0xb
 462 0027 3E       		.uleb128 0x3e
 463 0028 0B       		.uleb128 0xb
 464 0029 00       		.byte	0x0
 465 002a 00       		.byte	0x0
 466 002b 04       		.uleb128 0x4
 467 002c 24       		.uleb128 0x24
 468 002d 00       		.byte	0x0
 469 002e 03       		.uleb128 0x3
 470 002f 08       		.uleb128 0x8
 471 0030 0B       		.uleb128 0xb
 472 0031 0B       		.uleb128 0xb
 473 0032 3E       		.uleb128 0x3e
 474 0033 0B       		.uleb128 0xb
 475 0034 00       		.byte	0x0
 476 0035 00       		.byte	0x0
 477 0036 05       		.uleb128 0x5
 478 0037 16       		.uleb128 0x16
 479 0038 00       		.byte	0x0
 480 0039 03       		.uleb128 0x3
 481 003a 0E       		.uleb128 0xe
 482 003b 3A       		.uleb128 0x3a
 483 003c 0B       		.uleb128 0xb
 484 003d 3B       		.uleb128 0x3b
 485 003e 0B       		.uleb128 0xb
 486 003f 49       		.uleb128 0x49
 487 0040 13       		.uleb128 0x13
 488 0041 00       		.byte	0x0
 489 0042 00       		.byte	0x0
 490 0043 06       		.uleb128 0x6
 491 0044 2E       		.uleb128 0x2e
 492 0045 01       		.byte	0x1
 493 0046 01       		.uleb128 0x1
 494 0047 13       		.uleb128 0x13
 495 0048 3F       		.uleb128 0x3f
 496 0049 0C       		.uleb128 0xc
 497 004a 03       		.uleb128 0x3
 498 004b 0E       		.uleb128 0xe
 499 004c 3A       		.uleb128 0x3a
 500 004d 0B       		.uleb128 0xb
 501 004e 3B       		.uleb128 0x3b
 502 004f 0B       		.uleb128 0xb
 503 0050 27       		.uleb128 0x27
 504 0051 0C       		.uleb128 0xc
 505 0052 11       		.uleb128 0x11
 506 0053 01       		.uleb128 0x1
 507 0054 12       		.uleb128 0x12
 508 0055 01       		.uleb128 0x1
ARM GAS  /cygdrive/c/DOCUME~1/mkwapisz/LOCALS~1/Temp/cc4i2dXy.s 			page 11


 509 0056 40       		.uleb128 0x40
 510 0057 06       		.uleb128 0x6
 511 0058 00       		.byte	0x0
 512 0059 00       		.byte	0x0
 513 005a 07       		.uleb128 0x7
 514 005b 05       		.uleb128 0x5
 515 005c 00       		.byte	0x0
 516 005d 03       		.uleb128 0x3
 517 005e 0E       		.uleb128 0xe
 518 005f 3A       		.uleb128 0x3a
 519 0060 0B       		.uleb128 0xb
 520 0061 3B       		.uleb128 0x3b
 521 0062 0B       		.uleb128 0xb
 522 0063 49       		.uleb128 0x49
 523 0064 13       		.uleb128 0x13
 524 0065 02       		.uleb128 0x2
 525 0066 06       		.uleb128 0x6
 526 0067 00       		.byte	0x0
 527 0068 00       		.byte	0x0
 528 0069 08       		.uleb128 0x8
 529 006a 2E       		.uleb128 0x2e
 530 006b 01       		.byte	0x1
 531 006c 01       		.uleb128 0x1
 532 006d 13       		.uleb128 0x13
 533 006e 3F       		.uleb128 0x3f
 534 006f 0C       		.uleb128 0xc
 535 0070 03       		.uleb128 0x3
 536 0071 0E       		.uleb128 0xe
 537 0072 3A       		.uleb128 0x3a
 538 0073 0B       		.uleb128 0xb
 539 0074 3B       		.uleb128 0x3b
 540 0075 0B       		.uleb128 0xb
 541 0076 27       		.uleb128 0x27
 542 0077 0C       		.uleb128 0xc
 543 0078 20       		.uleb128 0x20
 544 0079 0B       		.uleb128 0xb
 545 007a 00       		.byte	0x0
 546 007b 00       		.byte	0x0
 547 007c 09       		.uleb128 0x9
 548 007d 05       		.uleb128 0x5
 549 007e 00       		.byte	0x0
 550 007f 03       		.uleb128 0x3
 551 0080 0E       		.uleb128 0xe
 552 0081 3A       		.uleb128 0x3a
 553 0082 0B       		.uleb128 0xb
 554 0083 3B       		.uleb128 0x3b
 555 0084 0B       		.uleb128 0xb
 556 0085 49       		.uleb128 0x49
 557 0086 13       		.uleb128 0x13
 558 0087 00       		.byte	0x0
 559 0088 00       		.byte	0x0
 560 0089 0A       		.uleb128 0xa
 561 008a 2E       		.uleb128 0x2e
 562 008b 01       		.byte	0x1
 563 008c 01       		.uleb128 0x1
 564 008d 13       		.uleb128 0x13
 565 008e 31       		.uleb128 0x31
ARM GAS  /cygdrive/c/DOCUME~1/mkwapisz/LOCALS~1/Temp/cc4i2dXy.s 			page 12


 566 008f 13       		.uleb128 0x13
 567 0090 11       		.uleb128 0x11
 568 0091 01       		.uleb128 0x1
 569 0092 12       		.uleb128 0x12
 570 0093 01       		.uleb128 0x1
 571 0094 40       		.uleb128 0x40
 572 0095 0A       		.uleb128 0xa
 573 0096 00       		.byte	0x0
 574 0097 00       		.byte	0x0
 575 0098 0B       		.uleb128 0xb
 576 0099 05       		.uleb128 0x5
 577 009a 00       		.byte	0x0
 578 009b 31       		.uleb128 0x31
 579 009c 13       		.uleb128 0x13
 580 009d 02       		.uleb128 0x2
 581 009e 06       		.uleb128 0x6
 582 009f 00       		.byte	0x0
 583 00a0 00       		.byte	0x0
 584 00a1 0C       		.uleb128 0xc
 585 00a2 2E       		.uleb128 0x2e
 586 00a3 01       		.byte	0x1
 587 00a4 3F       		.uleb128 0x3f
 588 00a5 0C       		.uleb128 0xc
 589 00a6 03       		.uleb128 0x3
 590 00a7 0E       		.uleb128 0xe
 591 00a8 3A       		.uleb128 0x3a
 592 00a9 0B       		.uleb128 0xb
 593 00aa 3B       		.uleb128 0x3b
 594 00ab 0B       		.uleb128 0xb
 595 00ac 27       		.uleb128 0x27
 596 00ad 0C       		.uleb128 0xc
 597 00ae 11       		.uleb128 0x11
 598 00af 01       		.uleb128 0x1
 599 00b0 12       		.uleb128 0x12
 600 00b1 01       		.uleb128 0x1
 601 00b2 40       		.uleb128 0x40
 602 00b3 0A       		.uleb128 0xa
 603 00b4 00       		.byte	0x0
 604 00b5 00       		.byte	0x0
 605 00b6 0D       		.uleb128 0xd
 606 00b7 1D       		.uleb128 0x1d
 607 00b8 01       		.byte	0x1
 608 00b9 31       		.uleb128 0x31
 609 00ba 13       		.uleb128 0x13
 610 00bb 11       		.uleb128 0x11
 611 00bc 01       		.uleb128 0x1
 612 00bd 12       		.uleb128 0x12
 613 00be 01       		.uleb128 0x1
 614 00bf 58       		.uleb128 0x58
 615 00c0 0B       		.uleb128 0xb
 616 00c1 59       		.uleb128 0x59
 617 00c2 0B       		.uleb128 0xb
 618 00c3 00       		.byte	0x0
 619 00c4 00       		.byte	0x0
 620 00c5 0E       		.uleb128 0xe
 621 00c6 05       		.uleb128 0x5
 622 00c7 00       		.byte	0x0
ARM GAS  /cygdrive/c/DOCUME~1/mkwapisz/LOCALS~1/Temp/cc4i2dXy.s 			page 13


 623 00c8 31       		.uleb128 0x31
 624 00c9 13       		.uleb128 0x13
 625 00ca 00       		.byte	0x0
 626 00cb 00       		.byte	0x0
 627 00cc 00       		.byte	0x0
 628              		.section	.debug_pubnames,"",%progbits
 629 0000 3C000000 		.4byte	0x3c
 630 0004 0200     		.2byte	0x2
 631 0006 00000000 		.4byte	.Ldebug_info0
 632 000a 05010000 		.4byte	0x105
 633 000e 6C000000 		.4byte	0x6c
 634 0012 73656E64 		.ascii	"sendToLCD\000"
 634      546F4C43 
 634      4400
 635 001c BE000000 		.4byte	0xbe
 636 0020 73656C65 		.ascii	"selectLCD\000"
 636      63744C43 
 636      4400
 637 002a DB000000 		.4byte	0xdb
 638 002e 696E6974 		.ascii	"initSpiForLcd\000"
 638      53706946 
 638      6F724C63 
 638      6400
 639 003c 00000000 		.4byte	0x0
 640              		.section	.debug_aranges,"",%progbits
 641 0000 1C000000 		.4byte	0x1c
 642 0004 0200     		.2byte	0x2
 643 0006 00000000 		.4byte	.Ldebug_info0
 644 000a 04       		.byte	0x4
 645 000b 00       		.byte	0x0
 646 000c 0000     		.2byte	0x0
 647 000e 0000     		.2byte	0x0
 648 0010 00000000 		.4byte	.Ltext0
 649 0014 D8000000 		.4byte	.Letext0-.Ltext0
 650 0018 00000000 		.4byte	0x0
 651 001c 00000000 		.4byte	0x0
 652              		.section	.debug_str,"MS",%progbits,1
 653              	.LASF8:
 654 0000 64617461 		.ascii	"data\000"
 654      00
 655              	.LASF15:
 656 0005 696E6974 		.ascii	"initSpiForLcd\000"
 656      53706946 
 656      6F724C63 
 656      6400
 657              	.LASF11:
 658 0013 73656C65 		.ascii	"select\000"
 658      637400
 659              	.LASF10:
 660 001a 73656C65 		.ascii	"selectLCD\000"
 660      63744C43 
 660      4400
 661              	.LASF13:
 662 0024 6C63642F 		.ascii	"lcd/lcd_hw.c\000"
 662      6C63645F 
 662      68772E63 
 662      00
ARM GAS  /cygdrive/c/DOCUME~1/mkwapisz/LOCALS~1/Temp/cc4i2dXy.s 			page 14


 663              	.LASF0:
 664 0031 756E7369 		.ascii	"unsigned char\000"
 664      676E6564 
 664      20636861 
 664      7200
 665              	.LASF6:
 666 003f 6C6F6E67 		.ascii	"long unsigned int\000"
 666      20756E73 
 666      69676E65 
 666      6420696E 
 666      7400
 667              	.LASF1:
 668 0051 73686F72 		.ascii	"short unsigned int\000"
 668      7420756E 
 668      7369676E 
 668      65642069 
 668      6E7400
 669              	.LASF7:
 670 0064 66697273 		.ascii	"firstBit\000"
 670      74426974 
 670      00
 671              	.LASF14:
 672 006d 2F637967 		.ascii	"/cygdrive/z/IntergatedSystems\000"
 672      64726976 
 672      652F7A2F 
 672      496E7465 
 672      72676174 
 673              	.LASF2:
 674 008b 756E7369 		.ascii	"unsigned int\000"
 674      676E6564 
 674      20696E74 
 674      00
 675              	.LASF12:
 676 0098 474E5520 		.ascii	"GNU C 4.1.1\000"
 676      4320342E 
 676      312E3100 
 677              	.LASF9:
 678 00a4 73656E64 		.ascii	"sendToLCD\000"
 678      546F4C43 
 678      4400
 679              	.LASF4:
 680 00ae 73686F72 		.ascii	"short int\000"
 680      7420696E 
 680      7400
 681              	.LASF3:
 682 00b8 7369676E 		.ascii	"signed char\000"
 682      65642063 
 682      68617200 
 683              	.LASF5:
 684 00c4 74426F6F 		.ascii	"tBool\000"
 684      6C00
 685              		.ident	"GCC: (GNU) 4.1.1"
ARM GAS  /cygdrive/c/DOCUME~1/mkwapisz/LOCALS~1/Temp/cc4i2dXy.s 			page 15


DEFINED SYMBOLS
                            *ABS*:00000000 lcd_hw.c
/cygdrive/c/DOCUME~1/mkwapisz/LOCALS~1/Temp/cc4i2dXy.s:1      .text:00000000 $t
/cygdrive/c/DOCUME~1/mkwapisz/LOCALS~1/Temp/cc4i2dXy.s:16     .text:00000000 sendToLCD
/cygdrive/c/DOCUME~1/mkwapisz/LOCALS~1/Temp/cc4i2dXy.s:103    .text:00000060 $d
/cygdrive/c/DOCUME~1/mkwapisz/LOCALS~1/Temp/cc4i2dXy.s:117    .text:0000007c selectLCD
/cygdrive/c/DOCUME~1/mkwapisz/LOCALS~1/Temp/cc4i2dXy.s:114    .text:0000007c $t
/cygdrive/c/DOCUME~1/mkwapisz/LOCALS~1/Temp/cc4i2dXy.s:145    .text:00000094 $d
/cygdrive/c/DOCUME~1/mkwapisz/LOCALS~1/Temp/cc4i2dXy.s:154    .text:0000009c initSpiForLcd
/cygdrive/c/DOCUME~1/mkwapisz/LOCALS~1/Temp/cc4i2dXy.s:151    .text:0000009c $t
/cygdrive/c/DOCUME~1/mkwapisz/LOCALS~1/Temp/cc4i2dXy.s:197    .text:000000c8 $d

NO UNDEFINED SYMBOLS
